Log file open, 10/11/17 22:35:41
LogWindows: Failed to load 'aqProf.dll' (GetLastError=126)
LogWindows: File 'aqProf.dll' does not exist
LogWindows: Failed to load 'VSPerf140.dll' (GetLastError=126)
LogWindows: File 'VSPerf140.dll' does not exist
LogWindows: Failed to load 'VtuneApi.dll' (GetLastError=126)
LogWindows: File 'VtuneApi.dll' does not exist
LogWindows: Failed to load 'VtuneApi32e.dll' (GetLastError=126)
LogWindows: File 'VtuneApi32e.dll' does not exist
LogInit: Display: Running engine for game: BallGame
LogPlatformFile: Not using cached read wrapper
LogInit: Display: RandInit(-1461267939) SRandInit(-1461267939).
LogTaskGraph: Started task graph with 5 named threads and 14 total threads with 3 sets of task threads.
LogStats: Stats thread started at 0.207372
LogD3D11RHI: Aftermath initialized
LogPluginManager: Mounting plugin Paper2D
LogPluginManager: Mounting plugin LightPropagationVolume
LogPluginManager: Mounting plugin CodeLiteSourceCodeAccess
LogPluginManager: Mounting plugin GitSourceControl
LogPluginManager: Mounting plugin KDevelopSourceCodeAccess
LogPluginManager: Mounting plugin NullSourceCodeAccess
LogPluginManager: Mounting plugin PerforceSourceControl
LogPluginManager: Mounting plugin SubversionSourceControl
LogPluginManager: Mounting plugin UObjectPlugin
LogPluginManager: Mounting plugin VisualStudioSourceCodeAccess
LogPluginManager: Mounting plugin XCodeSourceCodeAccess
LogPluginManager: Mounting plugin AssetManagerEditor
LogPluginManager: Mounting plugin AudioCapture
LogPluginManager: Mounting plugin FacialAnimation
LogPluginManager: Mounting plugin GameplayTagsEditor
LogPluginManager: Mounting plugin MobileLauncherProfileWizard
LogPluginManager: Mounting plugin PluginBrowser
LogPluginManager: Mounting plugin SpeedTreeImporter
LogPluginManager: Mounting plugin AlembicImporter
LogPluginManager: Mounting plugin CharacterAI
LogPluginManager: Mounting plugin HTML5Networking
LogPluginManager: Mounting plugin AndroidMedia
LogPluginManager: Mounting plugin AvfMedia
LogPluginManager: Mounting plugin MediaPlayerEditor
LogPluginManager: Mounting plugin WmfMedia
LogPluginManager: Mounting plugin TcpMessaging
LogPluginManager: Mounting plugin UdpMessaging
LogPluginManager: Mounting plugin LevelSequenceEditor
LogPluginManager: Mounting plugin MatineeToLevelSequence
LogPluginManager: Mounting plugin OnlineSubsystemGooglePlay
LogPluginManager: Mounting plugin OnlineSubsystemIOS
LogPluginManager: Mounting plugin OnlineSubsystem
LogPluginManager: Mounting plugin OnlineSubsystemNull
LogPluginManager: Mounting plugin OnlineSubsystemUtils
LogPluginManager: Mounting plugin AndroidDeviceProfileSelector
LogPluginManager: Mounting plugin AndroidMoviePlayer
LogPluginManager: Mounting plugin AndroidPermission
LogPluginManager: Mounting plugin AppleMoviePlayer
LogPluginManager: Mounting plugin ArchVisCharacter
LogPluginManager: Mounting plugin CableComponent
LogPluginManager: Mounting plugin CustomMeshComponent
LogPluginManager: Mounting plugin ExampleDeviceProfileSelector
LogPluginManager: Mounting plugin GoogleCloudMessaging
LogPluginManager: Mounting plugin ImmediatePhysics
LogPluginManager: Mounting plugin IOSDeviceProfileSelector
LogPluginManager: Mounting plugin LinuxDeviceProfileSelector
LogPluginManager: Mounting plugin LocationServicesBPLibrary
LogPluginManager: Mounting plugin MobilePatchingUtils
LogPluginManager: Mounting plugin OculusVR
LogPluginManager: Mounting plugin PhysXVehicles
LogPluginManager: Mounting plugin ProceduralMeshComponent
LogPluginManager: Mounting plugin RuntimePhysXCooking
LogPluginManager: Mounting plugin SteamVR
LogPluginManager: Mounting plugin WindowsMoviePlayer
LogInit: Using libcurl 7.47.1
LogInit:  - built for x86_64-pc-win32
LogInit:  - supports SSL with OpenSSL/1.0.2g
LogInit:  - supports HTTP deflate (compression) using libz 1.2.8
LogInit:  - other features:
LogInit:      CURL_VERSION_SSL
LogInit:      CURL_VERSION_LIBZ
LogInit:      CURL_VERSION_IPV6
LogInit:      CURL_VERSION_ASYNCHDNS
LogInit:      CURL_VERSION_LARGEFILE
LogInit:      CURL_VERSION_IDN
LogInit:  CurlRequestOptions (configurable via config and command line):
LogInit:  - bVerifyPeer = false  - Libcurl will NOT verify peer certificate
LogInit:  - bUseHttpProxy = false  - Libcurl will NOT use HTTP proxy
LogInit:  - bDontReuseConnections = false  - Libcurl will reuse connections
LogInit:  - CertBundlePath = nullptr  - Libcurl will use whatever was configured at build time.
LogInit: Build: ++UE4+Release-4.17-CL-3658906
LogInit: Engine Version: 4.17.2-3658906+++UE4+Release-4.17
LogInit: Compatible Engine Version: 4.17.0-3573198+++UE4+Release-4.17
LogInit: Net CL: 3573198
LogDevObjectVersion: Number of dev versions registered: 16
LogDevObjectVersion:   Dev-Blueprints (B0D832E4-1F89-4F0D-ACCF-7EB736FD4AA2): 10
LogDevObjectVersion:   Dev-Build (E1C64328-A22C-4D53-A36C-8E866417BD8C): 0
LogDevObjectVersion:   Dev-Core (375EC13C-06E4-48FB-B500-84F0262A717E): 2
LogDevObjectVersion:   Dev-Editor (E4B068ED-F494-42E9-A231-DA0B2E46BB41): 20
LogDevObjectVersion:   Dev-Framework (CFFC743F-43B0-4480-9391-14DF171D2073): 28
LogDevObjectVersion:   Dev-Mobile (B02B49B5-BB20-44E9-A304-32B752E40360): 0
LogDevObjectVersion:   Dev-Networking (A4E4105C-59A1-49B5-A7C5-40C4547EDFEE): 0
LogDevObjectVersion:   Dev-Online (39C831C9-5AE6-47DC-9A44-9C173E1C8E7C): 0
LogDevObjectVersion:   Dev-Physics (78F01B33-EBEA-4F98-B9B4-84EACCB95AA2): 0
LogDevObjectVersion:   Dev-Platform (6631380F-2D4D-43E0-8009-CF276956A95A): 0
LogDevObjectVersion:   Dev-Rendering (12F88B9F-8875-4AFC-A67C-D90C383ABD29): 19
LogDevObjectVersion:   Dev-Sequencer (7B5AE74C-D270-4C10-A958-57980B212A5A): 4
LogDevObjectVersion:   Dev-VR (D7296918-1DD6-4BDD-9DE2-64A83CC13884): 0
LogDevObjectVersion:   Dev-LoadTimes (C2A15278-BFE7-4AFE-6C17-90FF531DF755): 1
LogDevObjectVersion:   Private-Geometry (6EACA3D4-40EC-4CC1-B786-8BED09428FC5): 1
LogDevObjectVersion:   Dev-AnimPhys (29E575DD-E0A3-4627-9D10-D276232CDCEA): 7
LogInit: Compiled (64-bit): Sep 22 2017 13:47:16
LogInit: Compiled with Visual C++: 19.00.24215.01
LogInit: Build Configuration: Development
LogInit: Branch Name: ++UE4+Release-4.17
LogInit: Command line:  
LogInit: Base directory: G:/Unreal Engine/UE_4.17/Engine/Binaries/Win64/
LogInit: Installed Engine Build: 1
LogInit: Presizing for max 8388607 objects, including 0 objects not considered by GC, pre-allocating 0 bytes for permanent pool.
LogInit: Object subsystem initialized
[2017.10.11-20.35.42:109][  0]LogInit: Selected Device Profile: [Windows]
[2017.10.11-20.35.42:109][  0]LogInit: Applying CVar settings loaded from the selected device profile: [Windows]
[2017.10.11-20.35.42:125][  0]LogInit: Computer: TIM-PC
[2017.10.11-20.35.42:125][  0]LogInit: User: TimPC
[2017.10.11-20.35.42:125][  0]LogInit: CPU Page size=4096, Cores=4
[2017.10.11-20.35.42:125][  0]LogInit: High frequency timer resolution =3.508052 MHz
[2017.10.11-20.35.42:125][  0]LogMemory: Memory total: Physical=8.0GB (8GB approx)
[2017.10.11-20.35.42:125][  0]LogMemory: Platform Memory Stats for Windows
[2017.10.11-20.35.42:125][  0]LogMemory: Process Physical Memory: 275.69 MB used, 275.69 MB peak
[2017.10.11-20.35.42:125][  0]LogMemory: Process Virtual Memory: 274.28 MB used, 274.28 MB peak
[2017.10.11-20.35.42:125][  0]LogMemory: Physical Memory: 5258.90 MB used,  2889.82 MB free, 8148.72 MB total
[2017.10.11-20.35.42:125][  0]LogMemory: Virtual Memory: 653.54 MB used,  2889.82 MB free, 134217728.00 MB total
[2017.10.11-20.35.42:318][  0]LogInit: Using OS detected language (de-DE).
[2017.10.11-20.35.42:318][  0]LogInit: Using OS detected locale (de-DE).
[2017.10.11-20.35.42:322][  0]LogTextLocalizationManager: No localization for 'de-DE' exists, so 'en' will be used for the language.
[2017.10.11-20.35.42:322][  0]LogTextLocalizationManager: No localization for 'de-DE' exists, so 'en' will be used for the locale.
[2017.10.11-20.35.43:283][  0]LogD3D11RHI: D3D11 adapters:
[2017.10.11-20.35.43:995][  0]LogD3D11RHI:    0. 'NVIDIA GeForce GTX 1060 6GB' (Feature Level 11_0)
[2017.10.11-20.35.43:995][  0]LogD3D11RHI:       6014/0/4074 MB DedicatedVideo/DedicatedSystem/SharedSystem, Outputs:2, VendorId:0x10de
[2017.10.11-20.35.43:997][  0]LogD3D11RHI:    1. 'Microsoft Basic Render Driver' (Feature Level 11_0)
[2017.10.11-20.35.43:997][  0]LogD3D11RHI:       0/0/256 MB DedicatedVideo/DedicatedSystem/SharedSystem, Outputs:0, VendorId:0x1414
[2017.10.11-20.35.43:997][  0]LogD3D11RHI: Chosen D3D11 Adapter: 0
[2017.10.11-20.35.44:003][  0]LogD3D11RHI: Creating new Direct3DDevice
[2017.10.11-20.35.44:003][  0]LogD3D11RHI:     GPU DeviceId: 0x1c03 (for the marketing name, search the web for "GPU Device Id")
[2017.10.11-20.35.44:003][  0]LogWindows: EnumDisplayDevices:
[2017.10.11-20.35.44:003][  0]LogWindows:    0. 'NVIDIA GeForce GTX 1060 6GB' (P:0 D:1)
[2017.10.11-20.35.44:003][  0]LogWindows:    1. 'NVIDIA GeForce GTX 1060 6GB' (P:1 D:1)
[2017.10.11-20.35.44:004][  0]LogWindows:    2. 'NVIDIA GeForce GTX 1060 6GB' (P:0 D:0)
[2017.10.11-20.35.44:004][  0]LogWindows:    3. 'NVIDIA GeForce GTX 1060 6GB' (P:0 D:0)
[2017.10.11-20.35.44:004][  0]LogWindows: DebugString: FoundDriverCount:4 
[2017.10.11-20.35.44:004][  0]LogD3D11RHI:     Adapter Name: NVIDIA GeForce GTX 1060 6GB
[2017.10.11-20.35.44:004][  0]LogD3D11RHI:   Driver Version: 384.76 (internal:22.21.13.8476, unified:384.76)
[2017.10.11-20.35.44:004][  0]LogD3D11RHI:      Driver Date: 6-27-2017
[2017.10.11-20.35.44:004][  0]LogRHI: Texture pool is 1361 MB (70% of 1945 MB)
[2017.10.11-20.35.44:650][  0]LogD3D11RHI: Async texture creation enabled
[2017.10.11-20.35.44:714][  0]LogD3D11RHI: GPU Timing Frequency: 1000.000000 (Debug: 2 2)
[2017.10.11-20.35.44:765][  0]LogShaderCompilers: Guid format shader working directory is 4 characters bigger than the processId version (../../../../../Unreal Engine Projects/BallGame/Intermediate/Shaders/WorkingDirectory/6992/).
[2017.10.11-20.35.44:765][  0]LogShaderCompilers: Cleaned the shader compiler working directory 'C:/Users/treve_000/AppData/Local/Temp/UnrealShaderWorkingDir/1A1551BD45D838032586C1ACF4D3D1EA/'.
[2017.10.11-20.35.44:765][  0]LogShaderCompilers: Display: Using Local Shader Compiler.
[2017.10.11-20.35.46:158][  0]LogTemp: Display: Loaded TP AllDesktopTargetPlatform
[2017.10.11-20.35.46:222][  0]LogTemp: Display: Loaded TP MacClientTargetPlatform
[2017.10.11-20.35.46:289][  0]LogTemp: Display: Loaded TP MacNoEditorTargetPlatform
[2017.10.11-20.35.46:355][  0]LogTemp: Display: Loaded TP MacServerTargetPlatform
[2017.10.11-20.35.46:420][  0]LogTemp: Display: Loaded TP MacTargetPlatform
[2017.10.11-20.35.46:485][  0]LogTemp: Display: Loaded TP WindowsClientTargetPlatform
[2017.10.11-20.35.46:550][  0]LogTemp: Display: Loaded TP WindowsNoEditorTargetPlatform
[2017.10.11-20.35.46:616][  0]LogTemp: Display: Loaded TP WindowsServerTargetPlatform
[2017.10.11-20.35.46:667][  0]LogTemp: Display: Loaded TP WindowsTargetPlatform
[2017.10.11-20.35.46:731][  0]LogTemp: Display: Loaded TP AndroidTargetPlatform
[2017.10.11-20.35.46:794][  0]LogTemp: Display: Loaded TP Android_ASTCTargetPlatform
[2017.10.11-20.35.46:859][  0]LogTemp: Display: Loaded TP Android_ATCTargetPlatform
[2017.10.11-20.35.46:925][  0]LogTemp: Display: Loaded TP Android_DXTTargetPlatform
[2017.10.11-20.35.46:989][  0]LogTemp: Display: Loaded TP Android_ETC1TargetPlatform
[2017.10.11-20.35.47:051][  0]LogTemp: Display: Loaded TP Android_ETC2TargetPlatform
[2017.10.11-20.35.47:178][  0]LogTemp: Display: Loaded TP Android_MultiTargetPlatform
[2017.10.11-20.35.47:178][  0]LogTemp: Display: Loaded TP Android_PVRTCTargetPlatform
[2017.10.11-20.35.47:224][  0]LogTemp: Display: Loaded TP HTML5TargetPlatform
[2017.10.11-20.35.47:335][  0]LogTemp: Display: Loaded TP IOSTargetPlatform
[2017.10.11-20.35.47:377][  0]LogTemp: Display: Loaded TP TVOSTargetPlatform
[2017.10.11-20.35.47:441][  0]LogTemp: Display: Loaded TP LinuxClientTargetPlatform
[2017.10.11-20.35.47:505][  0]LogTemp: Display: Loaded TP LinuxNoEditorTargetPlatform
[2017.10.11-20.35.47:569][  0]LogTemp: Display: Loaded TP LinuxServerTargetPlatform
[2017.10.11-20.35.47:634][  0]LogTemp: Display: Loaded TP LinuxTargetPlatform
[2017.10.11-20.35.47:634][  0]LogTargetPlatformManager: Display: Building Assets For Windows
[2017.10.11-20.35.48:192][  0]LogDerivedDataCache: Display: Max Cache Size: 512 MB
[2017.10.11-20.35.48:395][  0]LogDerivedDataCache: Loaded boot cache 0.20s 93MB C:/Users/treve_000/AppData/Local/UnrealEngine/4.17/DerivedDataCache/Boot.ddc.
[2017.10.11-20.35.48:395][  0]LogDerivedDataCache: Display: Loaded Boot cache: C:/Users/treve_000/AppData/Local/UnrealEngine/4.17/DerivedDataCache/Boot.ddc
[2017.10.11-20.35.48:396][  0]LogDerivedDataCache: FDerivedDataBackendGraph:  Pak pak cache file ../../../../../Unreal Engine Projects/BallGame/DerivedDataCache/DDC.ddp not found, will not use a pak cache.
[2017.10.11-20.35.48:396][  0]LogDerivedDataCache: Unable to find inner node Pak for hierarchical cache Hierarchy.
[2017.10.11-20.35.48:396][  0]LogDerivedDataCache: FDerivedDataBackendGraph:  CompressedPak pak cache file ../../../../../Unreal Engine Projects/BallGame/DerivedDataCache/Compressed.ddp not found, will not use a pak cache.
[2017.10.11-20.35.48:396][  0]LogDerivedDataCache: Unable to find inner node CompressedPak for hierarchical cache Hierarchy.
[2017.10.11-20.35.48:422][  0]LogDerivedDataCache: Display: Pak cache opened for reading ../../../Engine/DerivedDataCache/Compressed.ddp.
[2017.10.11-20.35.48:435][  0]LogDerivedDataCache: Using Local data cache path C:/Users/treve_000/AppData/Local/UnrealEngine/Common/DerivedDataCache: Writable
[2017.10.11-20.35.48:454][  0]LogMaterial: Verifying Global Shaders for PCD3D_SM5
[2017.10.11-20.35.48:454][  0]LogSlate: Using Freetype 2.6.0
[2017.10.11-20.35.48:455][  0]LogSlate: SlateFontCache - WITH_FREETYPE: 1, WITH_HARFBUZZ: 1
[2017.10.11-20.35.48:455][  0]LogSlate: SlateFontCache - WITH_FREETYPE: 1, WITH_HARFBUZZ: 1
[2017.10.11-20.35.48:871][  0]LogAssetRegistry: FAssetRegistry took 0.0292 seconds to start up
[2017.10.11-20.35.49:063][  0]LogInit: Selected Device Profile: [Windows]
[2017.10.11-20.35.49:529][  0]LogSimplygon: Simplygon DLL not present - disabling.
[2017.10.11-20.35.49:575][  0]LogMeshReduction: Using SimplygonSwarm for distributed automatic mesh merging
[2017.10.11-20.35.49:575][  0]LogMeshReduction: Using QuadricMeshReduction for automatic static mesh reduction
[2017.10.11-20.35.49:575][  0]LogMeshReduction: No automatic skeletal mesh reduction module available
[2017.10.11-20.35.49:575][  0]LogMeshReduction: No automatic mesh merging module available
[2017.10.11-20.35.49:575][  0]LogMeshMerging: No automatic mesh merging module available
[2017.10.11-20.35.49:577][  0]LogContentStreaming: Texture pool size is 0.00 MB
[2017.10.11-20.35.50:234][  0]LogNetVersion: BallGame , NetCL: 3573198, EngineNetVer: 2, GameNetVer: 0 (Checksum: 1423358224)
[2017.10.11-20.35.50:469][  0]LogPackageLocalizationCache: Processed 5 localized package path(s) for 1 prioritized culture(s) in 0.022621 seconds
[2017.10.11-20.35.50:477][  0]LogUObjectArray: 35825 objects as part of root set at end of initial load.
[2017.10.11-20.35.50:478][  0]LogUObjectAllocator: 7529104 out of 0 bytes used by permanent object pool.
[2017.10.11-20.35.50:478][  0]LogUObjectArray: CloseDisregardForGC: 0/0 objects in disregard for GC pool
[2017.10.11-20.35.50:550][  0]LogInit: WinSock: version 1.1 (2.2), MaxSocks=32767, MaxUdp=65467
[2017.10.11-20.35.53:750][  0]LogTcpMessaging: Initializing TcpMessaging bridge
[2017.10.11-20.35.53:795][  0]LogUdpMessaging: Initializing bridge on interface 0.0.0.0:0 to multicast group 230.0.0.1:6666.
[2017.10.11-20.35.54:509][  0]LogMaterial: Uniform references updated for custom material expression Custom.
[2017.10.11-20.35.54:977][  0]SourceControl: Source control is disabled
[2017.10.11-20.35.54:977][  0]SourceControl: Source control is disabled
[2017.10.11-20.35.55:028][  0]SourceControl: Source control is disabled
[2017.10.11-20.35.55:082][  0]SourceControl: Source control is disabled
[2017.10.11-20.35.55:734][  0]LogAndroidPermission: UAndroidPermissionCallbackProxy::GetInstance
[2017.10.11-20.35.56:008][  0]LogOcInput: OculusInput pre-init called
[2017.10.11-20.35.56:309][  0]LogEngine: Initializing Engine...
[2017.10.11-20.35.56:312][  0]LogHMD: Failed to initialize OpenVR with code 110
[2017.10.11-20.35.56:673][  0]LogStats: UGameplayTagsManager::ConstructGameplayTagTree: Construct from data asset -  0.000 s
[2017.10.11-20.35.56:673][  0]LogStats: UGameplayTagsManager::ConstructGameplayTagTree: GameplayTagTreeChangedEvent.Broadcast -  0.000 s
[2017.10.11-20.35.56:831][  0]LogAIModule: Creating AISystem for world Untitled
[2017.10.11-20.35.56:845][  0]LogInit: XAudio2 using 'Lautsprecher (Logitech G930 Gaming Headset)' : 6 channels at 48 kHz using 16 bits per sample (channel mask 0x3f)
[2017.10.11-20.35.56:864][  0]LogInit: FAudioDevice initialized.
[2017.10.11-20.35.57:004][  0]LogDerivedDataCache: Saved boot cache 0.14s 93MB C:/Users/treve_000/AppData/Local/UnrealEngine/4.17/DerivedDataCache/Boot.ddc.
[2017.10.11-20.35.57:034][  0]LogInit: Texture streaming: Enabled
[2017.10.11-20.35.57:163][  0]LogEngineSessionManager: EngineSessionManager initialized
[2017.10.11-20.35.57:412][  0]LogInit: Transaction tracking system initialized
[2017.10.11-20.35.57:761][  0]BlueprintLog: New page: Editor Load
[2017.10.11-20.35.58:784][  0]LocalizationService: Localization service is disabled
[2017.10.11-20.35.59:565][  0]LogConsoleResponse: Display: 
[2017.10.11-20.35.59:791][  0]LogCook: Display: Max memory allowance for cook 16384mb min free memory 0mb
[2017.10.11-20.35.59:791][  0]LogCook: Display: Mobile HDR setting 1
[2017.10.11-20.35.59:791][  0]LogGameplayTags: Display: UGameplayTagsManager::DoneAddingNativeTags. DelegateIsBound: 0
[2017.10.11-20.36.00:009][  0]LogFileCache: Scanning file cache for directory 'G:/Unreal Engine Projects/BallGame/Content/' took 0.01s
[2017.10.11-20.36.01:001][  0]SourceControl: Source control is disabled
[2017.10.11-20.36.01:001][  0]Cmd: MAP LOAD FILE="../../../../../Unreal Engine Projects/BallGame/Content/ThirdPersonBP/Maps/ThirdPersonExampleMap.umap" TEMPLATE=0 SHOWPROGRESS=1 FEATURELEVEL=3
[2017.10.11-20.36.01:002][  0]LightingResults: New page: Lighting Build
[2017.10.11-20.36.01:048][  0]MapCheck: New page: Map Check
[2017.10.11-20.36.01:048][  0]LightingResults: New page: Lighting Build
[2017.10.11-20.36.02:030][  0]LogAIModule: Creating AISystem for world ThirdPersonExampleMap
[2017.10.11-20.36.02:047][  0]LogEditorServer: Finished looking for orphan Actors (0.000 secs)
[2017.10.11-20.36.02:117][  0]Cmd: MAP CHECKDEP NOCLEARLOG
[2017.10.11-20.36.02:183][  0]MapCheck: Map check complete: 0 Error(s), 0 Warning(s), took 65.965ms to complete.
[2017.10.11-20.36.02:183][  0]LogFileHelpers: Loading map 'ThirdPersonExampleMap' took 1.182
[2017.10.11-20.36.02:400][  0]LogCollectionManager: Loaded 0 collections in 0.001330 seconds
[2017.10.11-20.36.02:501][  0]LogFileCache: Scanning file cache for directory 'G:/Unreal Engine Projects/BallGame/Saved/Collections/' took 0.01s
[2017.10.11-20.36.02:501][  0]LogFileCache: Scanning file cache for directory 'G:/Unreal Engine Projects/BallGame/Content/Developers/TimPC/Collections/' took 0.01s
[2017.10.11-20.36.02:501][  0]LogFileCache: Scanning file cache for directory 'G:/Unreal Engine Projects/BallGame/Content/Collections/' took 0.01s
[2017.10.11-20.36.02:501][  0]LogCollectionManager: Rebuilt the GUID cache for 0 collections in 0.000001 seconds
[2017.10.11-20.36.02:519][  0]LogContentBrowser: Native class hierarchy populated in 0.0184 seconds. Added 2386 classes and 500 folders.
[2017.10.11-20.36.02:594][  0]LogContentBrowser: Native class hierarchy updated for 'WidgetCarousel' in 0.0011 seconds. Added 0 classes and 0 folders.
[2017.10.11-20.36.02:649][  0]LogContentBrowser: Native class hierarchy updated for 'AddContentDialog' in 0.0010 seconds. Added 0 classes and 0 folders.
[2017.10.11-20.36.02:700][  0]LogContentBrowser: Native class hierarchy updated for 'SceneOutliner' in 0.0010 seconds. Added 1 classes and 2 folders.
[2017.10.11-20.36.02:733][  0]LogSlate: Took 0.000315 seconds to synchronously load lazily loaded font '../../../Engine/Content/Slate/Fonts/Roboto-Regular.ttf' (155K)
[2017.10.11-20.36.02:737][  0]LogSlate: Took 0.000291 seconds to synchronously load lazily loaded font '../../../Engine/Content/Slate/Fonts/Roboto-Bold.ttf' (160K)
[2017.10.11-20.36.02:744][  0]LogSlate: Took 0.000252 seconds to synchronously load lazily loaded font '../../../Engine/Content/Editor/Slate/Fonts/FontAwesome.ttf' (139K)
[2017.10.11-20.36.02:929][  0]LogRenderer: Reallocating scene render targets to support 1208x600 Format 10 NumSamples 1 (Frame:1).
[2017.10.11-20.36.03:261][  0]LogContentBrowser: Native class hierarchy updated for 'HierarchicalLODOutliner' in 0.0018 seconds. Added 1 classes and 2 folders.
[2017.10.11-20.36.03:261][  0]LogLoad: (Engine Initialization) Total time: 23.03 seconds
[2017.10.11-20.36.03:261][  0]LogLoad: (Engine Initialization) Total Blueprint compile time: 0.00 seconds
[2017.10.11-20.36.03:261][  0]LogExternalProfiler: No external profilers were discovered.  External profiling features will not be available.
[2017.10.11-20.36.03:289][  0]LogContentStreaming: Texture pool size now 1000 MB
[2017.10.11-20.36.03:319][  0]LogSlate: Took 0.000290 seconds to synchronously load lazily loaded font '../../../Engine/Content/Slate/Fonts/Roboto-Light.ttf' (159K)
[2017.10.11-20.36.03:472][  2]LogAssetRegistry: Asset discovery search completed in 14.6232 seconds
[2017.10.11-20.36.03:475][  2]LogCollectionManager: Rebuilt the object cache for 0 collections in 0.000001 seconds (found 0 objects)
[2017.10.11-20.36.03:475][  2]LogCollectionManager: Fixed up redirectors for 0 collections in 0.000058 seconds (updated 0 objects)
[2017.10.11-20.36.04:326][ 88]LogSlate: Took 0.000304 seconds to synchronously load lazily loaded font '../../../Engine/Content/Slate/Fonts/Roboto-Light.ttf' (159K)
[2017.10.11-20.36.27:413][812]LogTemp: Repeating last play command: New Editor Window (PIE)
[2017.10.11-20.36.27:460][812]LogBlueprintUserMessages: Early PlayInEditor Detection: Level '/Game/ThirdPersonBP/Maps/ThirdPersonExampleMap.ThirdPersonExampleMap:PersistentLevel' has LevelScriptBlueprint '/Game/ThirdPersonBP/Maps/ThirdPersonExampleMap.ThirdPersonExampleMap:PersistentLevel.ThirdPersonExampleMap' with GeneratedClass '/Game/ThirdPersonBP/Maps/ThirdPersonExampleMap.ThirdPersonExampleMap_C' with ClassGeneratedBy '/Game/ThirdPersonBP/Maps/ThirdPersonExampleMap.ThirdPersonExampleMap:PersistentLevel.ThirdPersonExampleMap'
[2017.10.11-20.36.27:460][812]LogPlayLevel: PlayLevel: No blueprints needed recompiling
[2017.10.11-20.36.27:461][812]PIE: New page: PIE session: ThirdPersonExampleMap (Oct 12, 2017, 12:36:27 AM)
[2017.10.11-20.36.27:461][812]LogPlayLevel: Creating play world package: /Game/ThirdPersonBP/Maps/UEDPIE_0_ThirdPersonExampleMap
[2017.10.11-20.36.27:499][812]LogPlayLevel: PIE: StaticDuplicateObject took: (0.037968s)
[2017.10.11-20.36.27:501][812]LogAIModule: Creating AISystem for world ThirdPersonExampleMap
[2017.10.11-20.36.27:501][812]LogPlayLevel: PIE: World Init took: (0.001825s)
[2017.10.11-20.36.27:502][812]LogPlayLevel: PIE: Created PIE world by copying editor world from /Game/ThirdPersonBP/Maps/ThirdPersonExampleMap.ThirdPersonExampleMap to /Game/ThirdPersonBP/Maps/UEDPIE_0_ThirdPersonExampleMap.ThirdPersonExampleMap (0.040688s)
[2017.10.11-20.36.27:546][812]LogInit: XAudio2 using 'Lautsprecher (Logitech G930 Gaming Headset)' : 6 channels at 48 kHz using 16 bits per sample (channel mask 0x3f)
[2017.10.11-20.36.27:560][812]LogInit: FAudioDevice initialized.
[2017.10.11-20.36.27:678][812]LogLoad: Game class is 'ThirdPersonGameMode_C'
[2017.10.11-20.36.27:684][812]LogWorld: Bringing World /Game/ThirdPersonBP/Maps/UEDPIE_0_ThirdPersonExampleMap.ThirdPersonExampleMap up for play (max tick rate 0) at 2017.10.11-22.36.27
[2017.10.11-20.36.27:685][812]LogWorld: Bringing up level for play took: 0.004317
[2017.10.11-20.36.27:734][812]LogContentBrowser: Native class hierarchy updated for 'MovieSceneCapture' in 0.0011 seconds. Added 11 classes and 0 folders.
[2017.10.11-20.36.27:740][812]PIE: Play in editor start time for /Game/ThirdPersonBP/Maps/UEDPIE_0_ThirdPersonExampleMap -0.331
[2017.10.11-20.36.27:741][812]LogBlueprintUserMessages: Late PlayInEditor Detection: Level '/Game/ThirdPersonBP/Maps/ThirdPersonExampleMap.ThirdPersonExampleMap:PersistentLevel' has LevelScriptBlueprint '/Game/ThirdPersonBP/Maps/ThirdPersonExampleMap.ThirdPersonExampleMap:PersistentLevel.ThirdPersonExampleMap' with GeneratedClass '/Game/ThirdPersonBP/Maps/ThirdPersonExampleMap.ThirdPersonExampleMap_C' with ClassGeneratedBy '/Game/ThirdPersonBP/Maps/ThirdPersonExampleMap.ThirdPersonExampleMap:PersistentLevel.ThirdPersonExampleMap'
[2017.10.11-20.36.27:798][812]LogRenderer: Reallocating scene render targets to support 1292x756 Format 10 NumSamples 1 (Frame:1).
[2017.10.11-20.36.39:752][959]LogScriptCore: Warning: Script Msg: Attempted to access index 0 from array 'CallFunc_GetOverlappingActors_OverlappingActors3' of length 0 in '/Game/ThirdPersonBP/Blueprints/ThirdPersonCharacter.ThirdPersonCharacter_C:ExecuteUbergraph_ThirdPersonCharacter'!
[2017.10.11-20.36.42:441][217]LogScriptCore: Warning: Script Msg: Attempted to access index 0 from array 'CallFunc_GetOverlappingActors_OverlappingActors3' of length 0 in '/Game/ThirdPersonBP/Blueprints/ThirdPersonCharacter.ThirdPersonCharacter_C:ExecuteUbergraph_ThirdPersonCharacter'!
[2017.10.11-20.36.47:946][729]LogCharacterMovement: ThirdPersonCharacter_167 is stuck and failed to move! Velocity: X=131.79 Y=1192.74 Z=0.00 Location: X=-1163.30 Y=-563.35 Z=220.15 Normal: X=0.49 Y=-0.74 Z=-0.47 PenetrationDepth:4.263 Actor:Projectile2_545 Component:Sphere BoneName:None (0 other events since notify)
[2017.10.11-20.36.52:939][204]LogScriptCore: Warning: Script Msg: Attempted to access index 0 from array 'CallFunc_GetOverlappingActors_OverlappingActors2' of length 0 in '/Game/ThirdPersonBP/Blueprints/ThirdPersonCharacter.ThirdPersonCharacter_C:ExecuteUbergraph_ThirdPersonCharacter'!
[2017.10.11-20.36.52:940][204]LogScriptCore: Warning: Script Msg: Attempted to access index 0 from array 'CallFunc_GetOverlappingActors_OverlappingActors2' of length 0 in '/Game/ThirdPersonBP/Blueprints/ThirdPersonCharacter.ThirdPersonCharacter_C:ExecuteUbergraph_ThirdPersonCharacter'!
[2017.10.11-20.36.52:950][205]LogScriptCore: Warning: Script Msg: Attempted to access index 0 from array 'CallFunc_GetOverlappingActors_OverlappingActors2' of length 0 in '/Game/ThirdPersonBP/Blueprints/ThirdPersonCharacter.ThirdPersonCharacter_C:ExecuteUbergraph_ThirdPersonCharacter'!
[2017.10.11-20.36.52:961][206]LogScriptCore: Warning: Script Msg: Attempted to access index 0 from array 'CallFunc_GetOverlappingActors_OverlappingActors2' of length 0 in '/Game/ThirdPersonBP/Blueprints/ThirdPersonCharacter.ThirdPersonCharacter_C:ExecuteUbergraph_ThirdPersonCharacter'!
[2017.10.11-20.36.52:972][207]LogScriptCore: Warning: Script Msg: Attempted to access index 0 from array 'CallFunc_GetOverlappingActors_OverlappingActors2' of length 0 in '/Game/ThirdPersonBP/Blueprints/ThirdPersonCharacter.ThirdPersonCharacter_C:ExecuteUbergraph_ThirdPersonCharacter'!
[2017.10.11-20.36.52:983][208]LogScriptCore: Warning: Script Msg: Attempted to access index 0 from array 'CallFunc_GetOverlappingActors_OverlappingActors2' of length 0 in '/Game/ThirdPersonBP/Blueprints/ThirdPersonCharacter.ThirdPersonCharacter_C:ExecuteUbergraph_ThirdPersonCharacter'!
[2017.10.11-20.36.52:993][209]LogScriptCore: Warning: Script Msg: Attempted to access index 0 from array 'CallFunc_GetOverlappingActors_OverlappingActors2' of length 0 in '/Game/ThirdPersonBP/Blueprints/ThirdPersonCharacter.ThirdPersonCharacter_C:ExecuteUbergraph_ThirdPersonCharacter'!
[2017.10.11-20.36.53:002][210]LogScriptCore: Warning: Script Msg: Attempted to access index 0 from array 'CallFunc_GetOverlappingActors_OverlappingActors2' of length 0 in '/Game/ThirdPersonBP/Blueprints/ThirdPersonCharacter.ThirdPersonCharacter_C:ExecuteUbergraph_ThirdPersonCharacter'!
[2017.10.11-20.36.53:012][211]LogScriptCore: Warning: Script Msg: Attempted to access index 0 from array 'CallFunc_GetOverlappingActors_OverlappingActors2' of length 0 in '/Game/ThirdPersonBP/Blueprints/ThirdPersonCharacter.ThirdPersonCharacter_C:ExecuteUbergraph_ThirdPersonCharacter'!
[2017.10.11-20.36.53:022][212]LogScriptCore: Warning: Script Msg: Attempted to access index 0 from array 'CallFunc_GetOverlappingActors_OverlappingActors2' of length 0 in '/Game/ThirdPersonBP/Blueprints/ThirdPersonCharacter.ThirdPersonCharacter_C:ExecuteUbergraph_ThirdPersonCharacter'!
[2017.10.11-20.36.53:033][213]LogScriptCore: Warning: Script Msg: Attempted to access index 0 from array 'CallFunc_GetOverlappingActors_OverlappingActors2' of length 0 in '/Game/ThirdPersonBP/Blueprints/ThirdPersonCharacter.ThirdPersonCharacter_C:ExecuteUbergraph_ThirdPersonCharacter'!
[2017.10.11-20.36.53:043][214]LogScriptCore: Warning: Script Msg: Attempted to access index 0 from array 'CallFunc_GetOverlappingActors_OverlappingActors2' of length 0 in '/Game/ThirdPersonBP/Blueprints/ThirdPersonCharacter.ThirdPersonCharacter_C:ExecuteUbergraph_ThirdPersonCharacter'!
[2017.10.11-20.36.53:053][215]LogScriptCore: Warning: Script Msg: Attempted to access index 0 from array 'CallFunc_GetOverlappingActors_OverlappingActors2' of length 0 in '/Game/ThirdPersonBP/Blueprints/ThirdPersonCharacter.ThirdPersonCharacter_C:ExecuteUbergraph_ThirdPersonCharacter'!
[2017.10.11-20.36.53:063][216]LogScriptCore: Warning: Script Msg: Attempted to access index 0 from array 'CallFunc_GetOverlappingActors_OverlappingActors2' of length 0 in '/Game/ThirdPersonBP/Blueprints/ThirdPersonCharacter.ThirdPersonCharacter_C:ExecuteUbergraph_ThirdPersonCharacter'!
[2017.10.11-20.36.53:073][217]LogScriptCore: Warning: Script Msg: Attempted to access index 0 from array 'CallFunc_GetOverlappingActors_OverlappingActors2' of length 0 in '/Game/ThirdPersonBP/Blueprints/ThirdPersonCharacter.ThirdPersonCharacter_C:ExecuteUbergraph_ThirdPersonCharacter'!
[2017.10.11-20.36.53:083][218]LogScriptCore: Warning: Script Msg: Attempted to access index 0 from array 'CallFunc_GetOverlappingActors_OverlappingActors2' of length 0 in '/Game/ThirdPersonBP/Blueprints/ThirdPersonCharacter.ThirdPersonCharacter_C:ExecuteUbergraph_ThirdPersonCharacter'!
[2017.10.11-20.36.53:093][219]LogScriptCore: Warning: Script Msg: Attempted to access index 0 from array 'CallFunc_GetOverlappingActors_OverlappingActors2' of length 0 in '/Game/ThirdPersonBP/Blueprints/ThirdPersonCharacter.ThirdPersonCharacter_C:ExecuteUbergraph_ThirdPersonCharacter'!
[2017.10.11-20.36.53:103][220]LogScriptCore: Warning: Script Msg: Attempted to access index 0 from array 'CallFunc_GetOverlappingActors_OverlappingActors2' of length 0 in '/Game/ThirdPersonBP/Blueprints/ThirdPersonCharacter.ThirdPersonCharacter_C:ExecuteUbergraph_ThirdPersonCharacter'!
[2017.10.11-20.36.53:113][221]LogScriptCore: Warning: Script Msg: Attempted to access index 0 from array 'CallFunc_GetOverlappingActors_OverlappingActors2' of length 0 in '/Game/ThirdPersonBP/Blueprints/ThirdPersonCharacter.ThirdPersonCharacter_C:ExecuteUbergraph_ThirdPersonCharacter'!
[2017.10.11-20.36.53:122][222]LogScriptCore: Warning: Script Msg: Attempted to access index 0 from array 'CallFunc_GetOverlappingActors_OverlappingActors2' of length 0 in '/Game/ThirdPersonBP/Blueprints/ThirdPersonCharacter.ThirdPersonCharacter_C:ExecuteUbergraph_ThirdPersonCharacter'!
[2017.10.11-20.36.53:132][223]LogScriptCore: Warning: Script Msg: Attempted to access index 0 from array 'CallFunc_GetOverlappingActors_OverlappingActors2' of length 0 in '/Game/ThirdPersonBP/Blueprints/ThirdPersonCharacter.ThirdPersonCharacter_C:ExecuteUbergraph_ThirdPersonCharacter'!
[2017.10.11-20.36.53:144][224]LogScriptCore: Warning: Script Msg: Attempted to access index 0 from array 'CallFunc_GetOverlappingActors_OverlappingActors2' of length 0 in '/Game/ThirdPersonBP/Blueprints/ThirdPersonCharacter.ThirdPersonCharacter_C:ExecuteUbergraph_ThirdPersonCharacter'!
[2017.10.11-20.36.53:155][225]LogScriptCore: Warning: Script Msg: Attempted to access index 0 from array 'CallFunc_GetOverlappingActors_OverlappingActors2' of length 0 in '/Game/ThirdPersonBP/Blueprints/ThirdPersonCharacter.ThirdPersonCharacter_C:ExecuteUbergraph_ThirdPersonCharacter'!
[2017.10.11-20.36.53:166][226]LogScriptCore: Warning: Script Msg: Attempted to access index 0 from array 'CallFunc_GetOverlappingActors_OverlappingActors2' of length 0 in '/Game/ThirdPersonBP/Blueprints/ThirdPersonCharacter.ThirdPersonCharacter_C:ExecuteUbergraph_ThirdPersonCharacter'!
[2017.10.11-20.36.53:177][227]LogScriptCore: Warning: Script Msg: Attempted to access index 0 from array 'CallFunc_GetOverlappingActors_OverlappingActors2' of length 0 in '/Game/ThirdPersonBP/Blueprints/ThirdPersonCharacter.ThirdPersonCharacter_C:ExecuteUbergraph_ThirdPersonCharacter'!
[2017.10.11-20.36.53:188][228]LogScriptCore: Warning: Script Msg: Attempted to access index 0 from array 'CallFunc_GetOverlappingActors_OverlappingActors2' of length 0 in '/Game/ThirdPersonBP/Blueprints/ThirdPersonCharacter.ThirdPersonCharacter_C:ExecuteUbergraph_ThirdPersonCharacter'!
[2017.10.11-20.36.53:200][229]LogScriptCore: Warning: Script Msg: Attempted to access index 0 from array 'CallFunc_GetOverlappingActors_OverlappingActors2' of length 0 in '/Game/ThirdPersonBP/Blueprints/ThirdPersonCharacter.ThirdPersonCharacter_C:ExecuteUbergraph_ThirdPersonCharacter'!
[2017.10.11-20.36.53:212][230]LogScriptCore: Warning: Script Msg: Attempted to access index 0 from array 'CallFunc_GetOverlappingActors_OverlappingActors2' of length 0 in '/Game/ThirdPersonBP/Blueprints/ThirdPersonCharacter.ThirdPersonCharacter_C:ExecuteUbergraph_ThirdPersonCharacter'!
[2017.10.11-20.36.53:224][231]LogScriptCore: Warning: Script Msg: Attempted to access index 0 from array 'CallFunc_GetOverlappingActors_OverlappingActors2' of length 0 in '/Game/ThirdPersonBP/Blueprints/ThirdPersonCharacter.ThirdPersonCharacter_C:ExecuteUbergraph_ThirdPersonCharacter'!
[2017.10.11-20.36.53:237][232]LogScriptCore: Warning: Script Msg: Attempted to access index 0 from array 'CallFunc_GetOverlappingActors_OverlappingActors2' of length 0 in '/Game/ThirdPersonBP/Blueprints/ThirdPersonCharacter.ThirdPersonCharacter_C:ExecuteUbergraph_ThirdPersonCharacter'!
[2017.10.11-20.36.57:375][630]LogScriptCore: Warning: Script Msg: Attempted to access index 0 from array 'CallFunc_GetOverlappingActors_OverlappingActors3' of length 0 in '/Game/ThirdPersonBP/Blueprints/ThirdPersonCharacter.ThirdPersonCharacter_C:ExecuteUbergraph_ThirdPersonCharacter'!
[2017.10.11-20.36.57:728][662]LogScriptCore: Warning: Script Msg: Attempted to access index 0 from array 'CallFunc_GetOverlappingActors_OverlappingActors3' of length 0 in '/Game/ThirdPersonBP/Blueprints/ThirdPersonCharacter.ThirdPersonCharacter_C:ExecuteUbergraph_ThirdPersonCharacter'!
[2017.10.11-20.36.58:486][731]LogCharacterMovement: ThirdPersonCharacter_167 is stuck and failed to move! Velocity: X=1197.51 Y=-77.32 Z=0.00 Location: X=750.65 Y=129.89 Z=292.47 Normal: X=-0.63 Y=0.18 Z=0.76 PenetrationDepth:6.079 Actor:Projectile2_545 Component:Sphere BoneName:None (0 other events since notify)
[2017.10.11-20.37.11:965][991]LogScriptCore: Warning: Script Msg: Attempted to access index 0 from array 'CallFunc_GetOverlappingActors_OverlappingActors' of length 0 in '/Game/ThirdPersonBP/Blueprints/ThirdPersonCharacter.ThirdPersonCharacter_C:ExecuteUbergraph_ThirdPersonCharacter'!
[2017.10.11-20.37.15:055][292]LogScriptCore: Warning: Script Msg: Attempted to access index 0 from array 'CallFunc_GetOverlappingActors_OverlappingActors3' of length 0 in '/Game/ThirdPersonBP/Blueprints/ThirdPersonCharacter.ThirdPersonCharacter_C:ExecuteUbergraph_ThirdPersonCharacter'!
[2017.10.11-20.37.20:837][856]LogCharacterMovement: ThirdPersonCharacter_167 is stuck and failed to move! Velocity: X=-867.42 Y=829.21 Z=0.00 Location: X=157.30 Y=-6255.36 Z=224.60 Normal: X=0.12 Y=-0.96 Z=-0.27 PenetrationDepth:7.242 Actor:MainBallProjectile_C_15 Component:Sphere BoneName:None (0 other events since notify)
[2017.10.11-20.37.32:032][992]LogScriptCore: Warning: Script Msg: Attempted to access index 0 from array 'CallFunc_GetOverlappingActors_OverlappingActors2' of length 0 in '/Game/ThirdPersonBP/Blueprints/ThirdPersonCharacter.ThirdPersonCharacter_C:ExecuteUbergraph_ThirdPersonCharacter'!
[2017.10.11-20.37.32:033][992]LogScriptCore: Warning: Script Msg: Attempted to access index 0 from array 'CallFunc_GetOverlappingActors_OverlappingActors2' of length 0 in '/Game/ThirdPersonBP/Blueprints/ThirdPersonCharacter.ThirdPersonCharacter_C:ExecuteUbergraph_ThirdPersonCharacter'!
[2017.10.11-20.37.32:043][993]LogScriptCore: Warning: Script Msg: Attempted to access index 0 from array 'CallFunc_GetOverlappingActors_OverlappingActors2' of length 0 in '/Game/ThirdPersonBP/Blueprints/ThirdPersonCharacter.ThirdPersonCharacter_C:ExecuteUbergraph_ThirdPersonCharacter'!
[2017.10.11-20.37.32:053][994]LogScriptCore: Warning: Script Msg: Attempted to access index 0 from array 'CallFunc_GetOverlappingActors_OverlappingActors2' of length 0 in '/Game/ThirdPersonBP/Blueprints/ThirdPersonCharacter.ThirdPersonCharacter_C:ExecuteUbergraph_ThirdPersonCharacter'!
[2017.10.11-20.37.32:063][995]LogScriptCore: Warning: Script Msg: Attempted to access index 0 from array 'CallFunc_GetOverlappingActors_OverlappingActors2' of length 0 in '/Game/ThirdPersonBP/Blueprints/ThirdPersonCharacter.ThirdPersonCharacter_C:ExecuteUbergraph_ThirdPersonCharacter'!
[2017.10.11-20.37.32:073][996]LogScriptCore: Warning: Script Msg: Attempted to access index 0 from array 'CallFunc_GetOverlappingActors_OverlappingActors2' of length 0 in '/Game/ThirdPersonBP/Blueprints/ThirdPersonCharacter.ThirdPersonCharacter_C:ExecuteUbergraph_ThirdPersonCharacter'!
[2017.10.11-20.37.32:084][997]LogScriptCore: Warning: Script Msg: Attempted to access index 0 from array 'CallFunc_GetOverlappingActors_OverlappingActors2' of length 0 in '/Game/ThirdPersonBP/Blueprints/ThirdPersonCharacter.ThirdPersonCharacter_C:ExecuteUbergraph_ThirdPersonCharacter'!
[2017.10.11-20.37.32:094][998]LogScriptCore: Warning: Script Msg: Attempted to access index 0 from array 'CallFunc_GetOverlappingActors_OverlappingActors2' of length 0 in '/Game/ThirdPersonBP/Blueprints/ThirdPersonCharacter.ThirdPersonCharacter_C:ExecuteUbergraph_ThirdPersonCharacter'!
[2017.10.11-20.37.32:105][999]LogScriptCore: Warning: Script Msg: Attempted to access index 0 from array 'CallFunc_GetOverlappingActors_OverlappingActors2' of length 0 in '/Game/ThirdPersonBP/Blueprints/ThirdPersonCharacter.ThirdPersonCharacter_C:ExecuteUbergraph_ThirdPersonCharacter'!
[2017.10.11-20.37.32:115][  0]LogScriptCore: Warning: Script Msg: Attempted to access index 0 from array 'CallFunc_GetOverlappingActors_OverlappingActors2' of length 0 in '/Game/ThirdPersonBP/Blueprints/ThirdPersonCharacter.ThirdPersonCharacter_C:ExecuteUbergraph_ThirdPersonCharacter'!
[2017.10.11-20.37.32:126][  1]LogScriptCore: Warning: Script Msg: Attempted to access index 0 from array 'CallFunc_GetOverlappingActors_OverlappingActors2' of length 0 in '/Game/ThirdPersonBP/Blueprints/ThirdPersonCharacter.ThirdPersonCharacter_C:ExecuteUbergraph_ThirdPersonCharacter'!
[2017.10.11-20.37.32:137][  2]LogScriptCore: Warning: Script Msg: Attempted to access index 0 from array 'CallFunc_GetOverlappingActors_OverlappingActors2' of length 0 in '/Game/ThirdPersonBP/Blueprints/ThirdPersonCharacter.ThirdPersonCharacter_C:ExecuteUbergraph_ThirdPersonCharacter'!
[2017.10.11-20.37.32:149][  3]LogScriptCore: Warning: Script Msg: Attempted to access index 0 from array 'CallFunc_GetOverlappingActors_OverlappingActors2' of length 0 in '/Game/ThirdPersonBP/Blueprints/ThirdPersonCharacter.ThirdPersonCharacter_C:ExecuteUbergraph_ThirdPersonCharacter'!
[2017.10.11-20.37.32:160][  4]LogScriptCore: Warning: Script Msg: Attempted to access index 0 from array 'CallFunc_GetOverlappingActors_OverlappingActors2' of length 0 in '/Game/ThirdPersonBP/Blueprints/ThirdPersonCharacter.ThirdPersonCharacter_C:ExecuteUbergraph_ThirdPersonCharacter'!
[2017.10.11-20.37.32:172][  5]LogScriptCore: Warning: Script Msg: Attempted to access index 0 from array 'CallFunc_GetOverlappingActors_OverlappingActors2' of length 0 in '/Game/ThirdPersonBP/Blueprints/ThirdPersonCharacter.ThirdPersonCharacter_C:ExecuteUbergraph_ThirdPersonCharacter'!
[2017.10.11-20.37.32:183][  6]LogScriptCore: Warning: Script Msg: Attempted to access index 0 from array 'CallFunc_GetOverlappingActors_OverlappingActors2' of length 0 in '/Game/ThirdPersonBP/Blueprints/ThirdPersonCharacter.ThirdPersonCharacter_C:ExecuteUbergraph_ThirdPersonCharacter'!
[2017.10.11-20.37.32:194][  7]LogScriptCore: Warning: Script Msg: Attempted to access index 0 from array 'CallFunc_GetOverlappingActors_OverlappingActors2' of length 0 in '/Game/ThirdPersonBP/Blueprints/ThirdPersonCharacter.ThirdPersonCharacter_C:ExecuteUbergraph_ThirdPersonCharacter'!
[2017.10.11-20.37.32:204][  8]LogScriptCore: Warning: Script Msg: Attempted to access index 0 from array 'CallFunc_GetOverlappingActors_OverlappingActors2' of length 0 in '/Game/ThirdPersonBP/Blueprints/ThirdPersonCharacter.ThirdPersonCharacter_C:ExecuteUbergraph_ThirdPersonCharacter'!
[2017.10.11-20.37.32:214][  9]LogScriptCore: Warning: Script Msg: Attempted to access index 0 from array 'CallFunc_GetOverlappingActors_OverlappingActors2' of length 0 in '/Game/ThirdPersonBP/Blueprints/ThirdPersonCharacter.ThirdPersonCharacter_C:ExecuteUbergraph_ThirdPersonCharacter'!
[2017.10.11-20.37.32:225][ 10]LogScriptCore: Warning: Script Msg: Attempted to access index 0 from array 'CallFunc_GetOverlappingActors_OverlappingActors2' of length 0 in '/Game/ThirdPersonBP/Blueprints/ThirdPersonCharacter.ThirdPersonCharacter_C:ExecuteUbergraph_ThirdPersonCharacter'!
[2017.10.11-20.37.32:234][ 11]LogScriptCore: Warning: Script Msg: Attempted to access index 0 from array 'CallFunc_GetOverlappingActors_OverlappingActors2' of length 0 in '/Game/ThirdPersonBP/Blueprints/ThirdPersonCharacter.ThirdPersonCharacter_C:ExecuteUbergraph_ThirdPersonCharacter'!
[2017.10.11-20.37.32:244][ 12]LogScriptCore: Warning: Script Msg: Attempted to access index 0 from array 'CallFunc_GetOverlappingActors_OverlappingActors2' of length 0 in '/Game/ThirdPersonBP/Blueprints/ThirdPersonCharacter.ThirdPersonCharacter_C:ExecuteUbergraph_ThirdPersonCharacter'!
[2017.10.11-20.37.32:254][ 13]LogScriptCore: Warning: Script Msg: Attempted to access index 0 from array 'CallFunc_GetOverlappingActors_OverlappingActors2' of length 0 in '/Game/ThirdPersonBP/Blueprints/ThirdPersonCharacter.ThirdPersonCharacter_C:ExecuteUbergraph_ThirdPersonCharacter'!
[2017.10.11-20.37.32:264][ 14]LogScriptCore: Warning: Script Msg: Attempted to access index 0 from array 'CallFunc_GetOverlappingActors_OverlappingActors2' of length 0 in '/Game/ThirdPersonBP/Blueprints/ThirdPersonCharacter.ThirdPersonCharacter_C:ExecuteUbergraph_ThirdPersonCharacter'!
[2017.10.11-20.37.32:274][ 15]LogScriptCore: Warning: Script Msg: Attempted to access index 0 from array 'CallFunc_GetOverlappingActors_OverlappingActors2' of length 0 in '/Game/ThirdPersonBP/Blueprints/ThirdPersonCharacter.ThirdPersonCharacter_C:ExecuteUbergraph_ThirdPersonCharacter'!
[2017.10.11-20.37.32:285][ 16]LogScriptCore: Warning: Script Msg: Attempted to access index 0 from array 'CallFunc_GetOverlappingActors_OverlappingActors2' of length 0 in '/Game/ThirdPersonBP/Blueprints/ThirdPersonCharacter.ThirdPersonCharacter_C:ExecuteUbergraph_ThirdPersonCharacter'!
[2017.10.11-20.37.32:295][ 17]LogScriptCore: Warning: Script Msg: Attempted to access index 0 from array 'CallFunc_GetOverlappingActors_OverlappingActors2' of length 0 in '/Game/ThirdPersonBP/Blueprints/ThirdPersonCharacter.ThirdPersonCharacter_C:ExecuteUbergraph_ThirdPersonCharacter'!
[2017.10.11-20.37.32:304][ 18]LogScriptCore: Warning: Script Msg: Attempted to access index 0 from array 'CallFunc_GetOverlappingActors_OverlappingActors2' of length 0 in '/Game/ThirdPersonBP/Blueprints/ThirdPersonCharacter.ThirdPersonCharacter_C:ExecuteUbergraph_ThirdPersonCharacter'!
[2017.10.11-20.37.32:314][ 19]LogScriptCore: Warning: Script Msg: Attempted to access index 0 from array 'CallFunc_GetOverlappingActors_OverlappingActors2' of length 0 in '/Game/ThirdPersonBP/Blueprints/ThirdPersonCharacter.ThirdPersonCharacter_C:ExecuteUbergraph_ThirdPersonCharacter'!
[2017.10.11-20.37.32:324][ 20]LogScriptCore: Warning: Script Msg: Attempted to access index 0 from array 'CallFunc_GetOverlappingActors_OverlappingActors2' of length 0 in '/Game/ThirdPersonBP/Blueprints/ThirdPersonCharacter.ThirdPersonCharacter_C:ExecuteUbergraph_ThirdPersonCharacter'!
[2017.10.11-20.37.32:863][ 75]LogScriptCore: Warning: Script Msg: Attempted to access index 0 from array 'CallFunc_GetOverlappingActors_OverlappingActors3' of length 0 in '/Game/ThirdPersonBP/Blueprints/ThirdPersonCharacter.ThirdPersonCharacter_C:ExecuteUbergraph_ThirdPersonCharacter'!
[2017.10.11-20.37.37:498][539]LogScriptCore: Warning: Script Msg: Attempted to access index 0 from array 'CallFunc_GetOverlappingActors_OverlappingActors' of length 0 in '/Game/ThirdPersonBP/Blueprints/ThirdPersonCharacter.ThirdPersonCharacter_C:ExecuteUbergraph_ThirdPersonCharacter'!
[2017.10.11-20.37.40:370][826]LogScriptCore: Warning: Script Msg: Attempted to access index 0 from array 'CallFunc_GetOverlappingActors_OverlappingActors3' of length 0 in '/Game/ThirdPersonBP/Blueprints/ThirdPersonCharacter.ThirdPersonCharacter_C:ExecuteUbergraph_ThirdPersonCharacter'!
[2017.10.11-20.38.09:103][714]LogScriptCore: Warning: Script Msg: Attempted to access index 0 from array 'CallFunc_GetOverlappingActors_OverlappingActors3' of length 0 in '/Game/ThirdPersonBP/Blueprints/ThirdPersonCharacter.ThirdPersonCharacter_C:ExecuteUbergraph_ThirdPersonCharacter'!
[2017.10.11-20.38.25:592][337]LogScriptCore: Warning: Script Msg: Attempted to access index 0 from array 'CallFunc_GetOverlappingActors_OverlappingActors3' of length 0 in '/Game/ThirdPersonBP/Blueprints/ThirdPersonCharacter.ThirdPersonCharacter_C:ExecuteUbergraph_ThirdPersonCharacter'!
[2017.10.11-20.38.39:630][707]LogScriptCore: Warning: Script Msg: Attempted to access index 0 from array 'CallFunc_GetOverlappingActors_OverlappingActors3' of length 0 in '/Game/ThirdPersonBP/Blueprints/ThirdPersonCharacter.ThirdPersonCharacter_C:ExecuteUbergraph_ThirdPersonCharacter'!
[2017.10.11-20.38.39:991][739]LogScriptCore: Warning: Script Msg: Attempted to access index 0 from array 'CallFunc_GetOverlappingActors_OverlappingActors3' of length 0 in '/Game/ThirdPersonBP/Blueprints/ThirdPersonCharacter.ThirdPersonCharacter_C:ExecuteUbergraph_ThirdPersonCharacter'!
[2017.10.11-20.39.07:850][440]LogCharacterMovement: ThirdPersonCharacter_167 is stuck and failed to move! Velocity: X=8.91 Y=143.69 Z=0.00 Location: X=-1178.10 Y=-3093.52 Z=226.25 Normal: X=-0.04 Y=-0.99 Z=-0.09 PenetrationDepth:44.433 Actor:MainBallProjectile_C_53 Component:Sphere BoneName:None (0 other events since notify)
[2017.10.11-20.39.09:026][556]LogBlueprintUserMessages: Early EndPlayMap Detection: Level '/Game/ThirdPersonBP/Maps/ThirdPersonExampleMap.ThirdPersonExampleMap:PersistentLevel' has LevelScriptBlueprint '/Game/ThirdPersonBP/Maps/ThirdPersonExampleMap.ThirdPersonExampleMap:PersistentLevel.ThirdPersonExampleMap' with GeneratedClass '/Game/ThirdPersonBP/Maps/ThirdPersonExampleMap.ThirdPersonExampleMap_C' with ClassGeneratedBy '/Game/ThirdPersonBP/Maps/ThirdPersonExampleMap.ThirdPersonExampleMap:PersistentLevel.ThirdPersonExampleMap'
[2017.10.11-20.39.09:087][556]LogBlueprintUserMessages: Late EndPlayMap Detection: Level '/Game/ThirdPersonBP/Maps/ThirdPersonExampleMap.ThirdPersonExampleMap:PersistentLevel' has LevelScriptBlueprint '/Game/ThirdPersonBP/Maps/ThirdPersonExampleMap.ThirdPersonExampleMap:PersistentLevel.ThirdPersonExampleMap' with GeneratedClass '/Game/ThirdPersonBP/Maps/ThirdPersonExampleMap.ThirdPersonExampleMap_C' with ClassGeneratedBy '/Game/ThirdPersonBP/Maps/ThirdPersonExampleMap.ThirdPersonExampleMap:PersistentLevel.ThirdPersonExampleMap'
[2017.10.11-20.39.15:002][176]LogSlate: Took 0.000247 seconds to synchronously load lazily loaded font '../../../Engine/Content/Slate/Fonts/Roboto-Light.ttf' (159K)
[2017.10.11-20.39.15:495][176]LogSlate: Took 0.000248 seconds to synchronously load lazily loaded font '../../../Engine/Content/Slate/Fonts/Roboto-Regular.ttf' (155K)
[2017.10.11-20.39.15:627][176]LogContentBrowser: Native class hierarchy updated for 'BlueprintGraph' in 0.0017 seconds. Added 113 classes and 0 folders.
[2017.10.11-20.39.16:864][176]LogSlate: Took 0.000364 seconds to synchronously load lazily loaded font '../../../Engine/Content/Editor/Slate/Fonts/Roboto-BoldCondensed.ttf' (158K)
[2017.10.11-20.39.17:596][177]LogSlate: Took 0.000395 seconds to synchronously load lazily loaded font '../../../Engine/Content/Editor/Slate/Fonts/Roboto-Italic.ttf' (157K)
[2017.10.11-20.40.33:062][545]LogTemp: Repeating last play command: New Editor Window (PIE)
[2017.10.11-20.40.33:092][545]LogBlueprintUserMessages: Early PlayInEditor Detection: Level '/Game/ThirdPersonBP/Maps/ThirdPersonExampleMap.ThirdPersonExampleMap:PersistentLevel' has LevelScriptBlueprint '/Game/ThirdPersonBP/Maps/ThirdPersonExampleMap.ThirdPersonExampleMap:PersistentLevel.ThirdPersonExampleMap' with GeneratedClass '/Game/ThirdPersonBP/Maps/ThirdPersonExampleMap.ThirdPersonExampleMap_C' with ClassGeneratedBy '/Game/ThirdPersonBP/Maps/ThirdPersonExampleMap.ThirdPersonExampleMap:PersistentLevel.ThirdPersonExampleMap'
[2017.10.11-20.40.33:092][545]BlueprintLog: New page: Pre-Play auto-recompile
[2017.10.11-20.40.33:179][545]LogPlayLevel: [PlayLevel] Compiling ThirdPersonCharacter before play...
[2017.10.11-20.40.33:773][545]LogPlayLevel: PlayLevel: Blueprint regeneration took 680 ms (1 blueprints)
[2017.10.11-20.40.33:773][545]PIE: New page: PIE session: ThirdPersonExampleMap (Oct 12, 2017, 12:40:33 AM)
[2017.10.11-20.40.33:773][545]LogPlayLevel: Creating play world package: /Game/ThirdPersonBP/Maps/UEDPIE_0_ThirdPersonExampleMap
[2017.10.11-20.40.33:826][545]LogPlayLevel: PIE: StaticDuplicateObject took: (0.052256s)
[2017.10.11-20.40.33:827][545]LogAIModule: Creating AISystem for world ThirdPersonExampleMap
[2017.10.11-20.40.33:827][545]LogPlayLevel: PIE: World Init took: (0.001644s)
[2017.10.11-20.40.33:828][545]LogPlayLevel: PIE: Created PIE world by copying editor world from /Game/ThirdPersonBP/Maps/ThirdPersonExampleMap.ThirdPersonExampleMap to /Game/ThirdPersonBP/Maps/UEDPIE_0_ThirdPersonExampleMap.ThirdPersonExampleMap (0.054378s)
[2017.10.11-20.40.33:884][545]LogInit: XAudio2 using 'Lautsprecher (Logitech G930 Gaming Headset)' : 6 channels at 48 kHz using 16 bits per sample (channel mask 0x3f)
[2017.10.11-20.40.33:898][545]LogInit: FAudioDevice initialized.
[2017.10.11-20.40.33:983][545]LogLoad: Game class is 'ThirdPersonGameMode_C'
[2017.10.11-20.40.33:988][545]LogWorld: Bringing World /Game/ThirdPersonBP/Maps/UEDPIE_0_ThirdPersonExampleMap.ThirdPersonExampleMap up for play (max tick rate 0) at 2017.10.11-22.40.33
[2017.10.11-20.40.33:989][545]LogWorld: Bringing up level for play took: 0.004369
[2017.10.11-20.40.33:994][545]PIE: Play in editor start time for /Game/ThirdPersonBP/Maps/UEDPIE_0_ThirdPersonExampleMap -0.078
[2017.10.11-20.40.33:994][545]LogBlueprintUserMessages: Late PlayInEditor Detection: Level '/Game/ThirdPersonBP/Maps/ThirdPersonExampleMap.ThirdPersonExampleMap:PersistentLevel' has LevelScriptBlueprint '/Game/ThirdPersonBP/Maps/ThirdPersonExampleMap.ThirdPersonExampleMap:PersistentLevel.ThirdPersonExampleMap' with GeneratedClass '/Game/ThirdPersonBP/Maps/ThirdPersonExampleMap.ThirdPersonExampleMap_C' with ClassGeneratedBy '/Game/ThirdPersonBP/Maps/ThirdPersonExampleMap.ThirdPersonExampleMap:PersistentLevel.ThirdPersonExampleMap'
[2017.10.11-20.40.51:444][ 24]LogScriptCore: Warning: Script Msg: Attempted to access index 0 from array 'CallFunc_GetOverlappingActors_OverlappingActors3' of length 0 in '/Game/ThirdPersonBP/Blueprints/ThirdPersonCharacter.ThirdPersonCharacter_C:ExecuteUbergraph_ThirdPersonCharacter'!
[2017.10.11-20.41.02:985][ 16]LogBlueprintUserMessages: Early EndPlayMap Detection: Level '/Game/ThirdPersonBP/Maps/ThirdPersonExampleMap.ThirdPersonExampleMap:PersistentLevel' has LevelScriptBlueprint '/Game/ThirdPersonBP/Maps/ThirdPersonExampleMap.ThirdPersonExampleMap:PersistentLevel.ThirdPersonExampleMap' with GeneratedClass '/Game/ThirdPersonBP/Maps/ThirdPersonExampleMap.ThirdPersonExampleMap_C' with ClassGeneratedBy '/Game/ThirdPersonBP/Maps/ThirdPersonExampleMap.ThirdPersonExampleMap:PersistentLevel.ThirdPersonExampleMap'
[2017.10.11-20.41.03:049][ 16]LogBlueprintUserMessages: Late EndPlayMap Detection: Level '/Game/ThirdPersonBP/Maps/ThirdPersonExampleMap.ThirdPersonExampleMap:PersistentLevel' has LevelScriptBlueprint '/Game/ThirdPersonBP/Maps/ThirdPersonExampleMap.ThirdPersonExampleMap:PersistentLevel.ThirdPersonExampleMap' with GeneratedClass '/Game/ThirdPersonBP/Maps/ThirdPersonExampleMap.ThirdPersonExampleMap_C' with ClassGeneratedBy '/Game/ThirdPersonBP/Maps/ThirdPersonExampleMap.ThirdPersonExampleMap:PersistentLevel.ThirdPersonExampleMap'
[2017.10.11-20.49.15:128][922]LogSavePackage: Save=162.22ms
[2017.10.11-20.49.15:128][922]LogSavePackage: Moving '../../../../../Unreal Engine Projects/BallGame/Saved/ThirdPersonExampleMap_Auto15784064740C551CED4F8FFBEB7FAA519.tmp' to '../../../../../Unreal Engine Projects/BallGame/Saved/Autosaves/Game/ThirdPersonBP/Maps/ThirdPersonExampleMap_Auto1.umap'
[2017.10.11-20.49.15:131][922]LogSavePackage: Display: Finished SavePackage ../../../../../Unreal Engine Projects/BallGame/Saved/Autosaves/Game/ThirdPersonBP/Maps/ThirdPersonExampleMap_Auto1.umap
[2017.10.11-20.49.15:141][922]LogFileHelpers: Editor autosave (incl. sublevels) for '/Game/ThirdPersonBP/Maps/ThirdPersonExampleMap' took 0.287
[2017.10.11-20.49.15:141][922]LogFileHelpers: Editor autosave (incl. sublevels) for all levels took 0.287
[2017.10.11-20.49.15:144][922]OBJ SavePackage: Generating thumbnails for [0] asset(s) in package [/Game/ThirdPersonBP/Blueprints/ThirdPersonCharacter] ([1] browsable assets)...
[2017.10.11-20.49.15:144][922]OBJ SavePackage: Finished generating thumbnails for package [/Game/ThirdPersonBP/Blueprints/ThirdPersonCharacter]
[2017.10.11-20.49.15:634][922]LogSavePackage: Save=480.87ms
[2017.10.11-20.49.15:635][922]LogSavePackage: Moving '../../../../../Unreal Engine Projects/BallGame/Saved/ThirdPersonCharacter_Auto14EE040BE449C330D4D619DB84A6F4A22.tmp' to '../../../../../Unreal Engine Projects/BallGame/Saved/Autosaves/Game/ThirdPersonBP/Blueprints/ThirdPersonCharacter_Auto1.uasset'
[2017.10.11-20.49.15:636][922]LogSavePackage: Display: Finished SavePackage ../../../../../Unreal Engine Projects/BallGame/Saved/Autosaves/Game/ThirdPersonBP/Blueprints/ThirdPersonCharacter_Auto1.uasset
[2017.10.11-20.49.15:636][922]LogFileHelpers: Auto-saving content packages took 0.493
[2017.10.11-21.23.14:091][315]Cmd: QUIT_EDITOR
[2017.10.11-21.23.14:776][315]LogWindowsTextInputMethodSystem: Display: IME system now deactivated.
[2017.10.11-21.23.14:792][315]LogExit: Preparing to exit.
[2017.10.11-21.23.15:166][315]LogDirectoryWatcher: A directory notification for 'G:/Unreal Engine Projects/BallGame/Content/' was aborted.
[2017.10.11-21.23.15:233][315]LogExit: Editor shut down
[2017.10.11-21.23.15:264][315]LogExit: Transaction tracking system shut down
[2017.10.11-21.23.15:423][315]LogDirectoryWatcher: A directory notification for '../../../Engine/Content/' was aborted.
[2017.10.11-21.23.15:423][315]LogDirectoryWatcher: A directory notification for '../../../../../Unreal Engine Projects/BallGame/Content/' was aborted.
[2017.10.11-21.23.15:423][315]LogDirectoryWatcher: A directory notification for '../../../Engine/Plugins/2D/Paper2D/Content/' was aborted.
[2017.10.11-21.23.15:423][315]LogDirectoryWatcher: A directory notification for '../../../Engine/Plugins/Runtime/Oculus/OculusVR/Content/' was aborted.
[2017.10.11-21.23.15:423][315]LogDirectoryWatcher: A directory notification for '../../../Engine/Plugins/Runtime/Steam/SteamVR/Content/' was aborted.
[2017.10.11-21.23.15:590][315]LogExit: Object subsystem successfully closed.
[2017.10.11-21.23.15:616][315]LogD3D11RHI: Shutdown
[2017.10.11-21.23.15:616][315]LogD3D11RHI: CleanupD3DDevice
[2017.10.11-21.23.15:785][315]LogD3D11RHI: ~FD3D11DynamicRHI
[2017.10.11-21.23.15:798][315]LogModuleManager: Shutting down and abandoning module BlueprintGraph (536)
[2017.10.11-21.23.15:798][315]LogModuleManager: Shutting down and abandoning module BlueprintProfiler (534)
[2017.10.11-21.23.15:798][315]LogModuleManager: Shutting down and abandoning module MovieSceneCapture (532)
[2017.10.11-21.23.15:798][315]LogModuleManager: Shutting down and abandoning module HierarchicalLODOutliner (530)
[2017.10.11-21.23.15:798][315]LogModuleManager: Shutting down and abandoning module SceneOutliner (528)
[2017.10.11-21.23.15:798][315]LogModuleManager: Shutting down and abandoning module AddContentDialog (526)
[2017.10.11-21.23.15:798][315]LogDirectoryWatcher: A directory notification for 'G:/Unreal Engine/UE_4.17/FeaturePacks/' was aborted.
[2017.10.11-21.23.15:801][315]LogModuleManager: Shutting down and abandoning module WidgetCarousel (525)
[2017.10.11-21.23.15:801][315]LogModuleManager: Shutting down and abandoning module EditorWidgets (522)
[2017.10.11-21.23.15:801][315]LogModuleManager: Shutting down and abandoning module CollectionManager (520)
[2017.10.11-21.23.15:801][315]LogDirectoryWatcher: A directory notification for 'G:/Unreal Engine Projects/BallGame/Content/Collections/' was aborted.
[2017.10.11-21.23.15:801][315]LogDirectoryWatcher: A directory notification for 'G:/Unreal Engine Projects/BallGame/Content/Developers/TimPC/Collections/' was aborted.
[2017.10.11-21.23.15:801][315]LogDirectoryWatcher: A directory notification for 'G:/Unreal Engine Projects/BallGame/Saved/Collections/' was aborted.
[2017.10.11-21.23.15:801][315]LogModuleManager: Shutting down and abandoning module StatsViewer (518)
[2017.10.11-21.23.15:801][315]LogModuleManager: Shutting down and abandoning module FoliageEdit (516)
[2017.10.11-21.23.15:801][315]LogModuleManager: Shutting down and abandoning module LandscapeEditor (514)
[2017.10.11-21.23.15:801][315]LogModuleManager: Shutting down and abandoning module MeshPaintMode (512)
[2017.10.11-21.23.15:802][315]LogModuleManager: Shutting down and abandoning module SceneDepthPickerMode (510)
[2017.10.11-21.23.15:802][315]LogModuleManager: Shutting down and abandoning module ActorPickerMode (508)
[2017.10.11-21.23.15:802][315]LogModuleManager: Shutting down and abandoning module GeometryMode (506)
[2017.10.11-21.23.15:802][315]LogModuleManager: Shutting down and abandoning module TextureAlignMode (504)
[2017.10.11-21.23.15:802][315]LogModuleManager: Shutting down and abandoning module BspMode (502)
[2017.10.11-21.23.15:802][315]LogModuleManager: Shutting down and abandoning module PIEPreviewDeviceProfileSelector (500)
[2017.10.11-21.23.15:802][315]LogModuleManager: Shutting down and abandoning module HardwareSurvey (498)
[2017.10.11-21.23.15:802][315]LogModuleManager: Shutting down and abandoning module SequenceRecorderSections (496)
[2017.10.11-21.23.15:802][315]LogModuleManager: Shutting down and abandoning module AutomationWorker (494)
[2017.10.11-21.23.15:802][315]LogModuleManager: Shutting down and abandoning module MatineeToLevelSequence (492)
[2017.10.11-21.23.15:802][315]LogModuleManager: Shutting down and abandoning module LevelSequenceEditor (490)
[2017.10.11-21.23.15:802][315]LogModuleManager: Shutting down and abandoning module PlacementMode (489)
[2017.10.11-21.23.15:802][315]LogModuleManager: Shutting down and abandoning module WmfMediaFactory (486)
[2017.10.11-21.23.15:802][315]LogModuleManager: Shutting down and abandoning module WmfMediaEditor (484)
[2017.10.11-21.23.15:802][315]LogModuleManager: Shutting down and abandoning module AvfMediaFactory (482)
[2017.10.11-21.23.15:802][315]LogModuleManager: Shutting down and abandoning module AvfMediaEditor (480)
[2017.10.11-21.23.15:802][315]LogModuleManager: Shutting down and abandoning module AndroidMediaFactory (478)
[2017.10.11-21.23.15:802][315]LogModuleManager: Shutting down and abandoning module Media (477)
[2017.10.11-21.23.15:802][315]LogModuleManager: Shutting down and abandoning module AndroidMediaEditor (474)
[2017.10.11-21.23.15:802][315]LogModuleManager: Shutting down and abandoning module CharacterAI (472)
[2017.10.11-21.23.15:802][315]LogModuleManager: Shutting down and abandoning module AudioCapture (470)
[2017.10.11-21.23.15:802][315]LogModuleManager: Shutting down and abandoning module SequenceRecorder (469)
[2017.10.11-21.23.15:802][315]LogModuleManager: Shutting down and abandoning module SmartSnapping (466)
[2017.10.11-21.23.15:802][315]LogModuleManager: Shutting down and abandoning module SessionServices (464)
[2017.10.11-21.23.15:802][315]LogModuleManager: Shutting down and abandoning module ViewportSnapping (462)
[2017.10.11-21.23.15:802][315]LogModuleManager: Shutting down and abandoning module ViewportInteraction (460)
[2017.10.11-21.23.15:802][315]LogModuleManager: Shutting down and abandoning module ClothPainter (458)
[2017.10.11-21.23.15:802][315]LogModuleManager: Shutting down and abandoning module LogVisualizer (456)
[2017.10.11-21.23.15:802][315]LogModuleManager: Shutting down and abandoning module IntroTutorials (454)
[2017.10.11-21.23.15:803][315]LogModuleManager: Shutting down and abandoning module GameProjectGeneration (453)
[2017.10.11-21.23.15:803][315]LogModuleManager: Shutting down and abandoning module IOSPlatformEditor (450)
[2017.10.11-21.23.15:803][315]LogModuleManager: Shutting down and abandoning module HTML5PlatformEditor (448)
[2017.10.11-21.23.15:803][315]LogModuleManager: Shutting down and abandoning module AndroidPlatformEditor (446)
[2017.10.11-21.23.15:803][315]LogModuleManager: Shutting down and abandoning module AndroidDeviceDetection (445)
[2017.10.11-21.23.16:674][315]LogModuleManager: Shutting down and abandoning module WindowsPlatformEditor (442)
[2017.10.11-21.23.16:674][315]LogModuleManager: Shutting down and abandoning module IOSRuntimeSettings (440)
[2017.10.11-21.23.16:674][315]LogModuleManager: Shutting down and abandoning module AndroidRuntimeSettings (438)
[2017.10.11-21.23.16:674][315]LogModuleManager: Shutting down and abandoning module InputBindingEditor (436)
[2017.10.11-21.23.16:674][315]LogModuleManager: Shutting down and abandoning module MergeActors (434)
[2017.10.11-21.23.16:674][315]LogModuleManager: Shutting down and abandoning module SizeMap (432)
[2017.10.11-21.23.16:674][315]LogModuleManager: Shutting down and abandoning module TreeMap (430)
[2017.10.11-21.23.16:674][315]LogModuleManager: Shutting down and abandoning module ReferenceViewer (428)
[2017.10.11-21.23.16:674][315]LogModuleManager: Shutting down and abandoning module LocalizationDashboard (426)
[2017.10.11-21.23.16:674][315]LogModuleManager: Shutting down and abandoning module LocalizationService (425)
[2017.10.11-21.23.16:674][315]LogModuleManager: Shutting down and abandoning module HardwareTargeting (422)
[2017.10.11-21.23.16:674][315]LogModuleManager: Shutting down and abandoning module DeviceProfileEditor (420)
[2017.10.11-21.23.16:674][315]LogModuleManager: Shutting down and abandoning module UndoHistory (418)
[2017.10.11-21.23.16:674][315]LogModuleManager: Shutting down and abandoning module XmlParser (416)
[2017.10.11-21.23.16:674][315]LogModuleManager: Shutting down and abandoning module Blutility (414)
[2017.10.11-21.23.16:674][315]LogModuleManager: Shutting down and abandoning module ProjectSettingsViewer (412)
[2017.10.11-21.23.16:674][315]LogModuleManager: Shutting down and abandoning module ProjectTargetPlatformEditor (411)
[2017.10.11-21.23.16:675][315]LogModuleManager: Shutting down and abandoning module EditorSettingsViewer (408)
[2017.10.11-21.23.16:675][315]LogModuleManager: Shutting down and abandoning module SettingsEditor (406)
[2017.10.11-21.23.16:675][315]LogModuleManager: Shutting down and abandoning module ProjectLauncher (404)
[2017.10.11-21.23.16:675][315]LogModuleManager: Shutting down and abandoning module SessionFrontend (402)
[2017.10.11-21.23.16:675][315]LogModuleManager: Shutting down and abandoning module ProfilerClient (400)
[2017.10.11-21.23.16:675][315]LogModuleManager: Shutting down and abandoning module DeviceManager (398)
[2017.10.11-21.23.16:675][315]LogModuleManager: Shutting down and abandoning module TargetDeviceServices (397)
[2017.10.11-21.23.16:719][315]LogModuleManager: Shutting down and abandoning module AutomationController (394)
[2017.10.11-21.23.16:719][315]LogModuleManager: Shutting down and abandoning module AutomationWindow (392)
[2017.10.11-21.23.16:719][315]LogModuleManager: Shutting down and abandoning module Layers (390)
[2017.10.11-21.23.16:719][315]LogModuleManager: Shutting down and abandoning module ComponentVisualizers (388)
[2017.10.11-21.23.16:719][315]LogModuleManager: Shutting down and abandoning module DetailCustomizations (386)
[2017.10.11-21.23.16:719][315]LogModuleManager: Shutting down and abandoning module PackagesDialog (384)
[2017.10.11-21.23.16:719][315]LogModuleManager: Shutting down and abandoning module Persona (382)
[2017.10.11-21.23.16:720][315]LogModuleManager: Shutting down and abandoning module AdvancedPreviewScene (381)
[2017.10.11-21.23.16:720][315]LogModuleManager: Shutting down and abandoning module AnimGraph (379)
[2017.10.11-21.23.16:720][315]LogModuleManager: Shutting down and abandoning module Kismet (376)
[2017.10.11-21.23.16:737][315]LogModuleManager: Shutting down and abandoning module ClassViewer (374)
[2017.10.11-21.23.16:737][315]LogModuleManager: Shutting down and abandoning module Toolbox (372)
[2017.10.11-21.23.16:737][315]LogModuleManager: Shutting down and abandoning module ModuleUI (370)
[2017.10.11-21.23.16:737][315]LogModuleManager: Shutting down and abandoning module MovieSceneTools (368)
[2017.10.11-21.23.16:737][315]LogModuleManager: Shutting down and abandoning module OutputLog (366)
[2017.10.11-21.23.16:737][315]LogModuleManager: Shutting down and abandoning module GammaUI (364)
[2017.10.11-21.23.16:737][315]LogModuleManager: Shutting down and abandoning module Documentation (362)
[2017.10.11-21.23.16:737][315]LogModuleManager: Shutting down and abandoning module MovieSceneTracks (360)
[2017.10.11-21.23.16:737][315]LogModuleManager: Shutting down and abandoning module MovieScene (358)
[2017.10.11-21.23.16:738][315]LogModuleManager: Shutting down and abandoning module Niagara (356)
[2017.10.11-21.23.16:738][315]LogModuleManager: Shutting down and abandoning module NiagaraEditor (355)
[2017.10.11-21.23.16:738][315]LogModuleManager: Shutting down and abandoning module StreamingPauseRendering (352)
[2017.10.11-21.23.16:738][315]LogModuleManager: Shutting down and abandoning module LauncherPlatform (350)
[2017.10.11-21.23.16:738][315]LogModuleManager: Shutting down and abandoning module AnalyticsET (348)
[2017.10.11-21.23.16:738][315]LogModuleManager: Shutting down and abandoning module PortalServices (346)
[2017.10.11-21.23.16:738][315]LogModuleManager: Shutting down and abandoning module PortalRpc (344)
[2017.10.11-21.23.16:738][315]LogModuleManager: Shutting down and abandoning module MessagingRpc (342)
[2017.10.11-21.23.16:738][315]LogModuleManager: Shutting down and abandoning module AIModule (340)
[2017.10.11-21.23.16:738][315]LogModuleManager: Shutting down and abandoning module GameplayDebugger (339)
[2017.10.11-21.23.16:738][315]LogModuleManager: Shutting down and abandoning module AITestSuite (337)
[2017.10.11-21.23.16:738][315]LogModuleManager: Shutting down and abandoning module ProfilerService (334)
[2017.10.11-21.23.16:892][315]LogModuleManager: Shutting down and abandoning module TaskGraph (332)
[2017.10.11-21.23.16:893][315]LogModuleManager: Shutting down and abandoning module SteamVRController (330)
[2017.10.11-21.23.16:893][315]LogModuleManager: Shutting down and abandoning module ProceduralMeshComponentEditor (328)
[2017.10.11-21.23.16:893][315]LogModuleManager: Shutting down and abandoning module ProceduralMeshComponent (326)
[2017.10.11-21.23.16:893][315]LogModuleManager: Shutting down and abandoning module OculusInput (324)
[2017.10.11-21.23.16:893][315]LogModuleManager: Shutting down and abandoning module MobilePatchingUtils (322)
[2017.10.11-21.23.16:893][315]LogModuleManager: Shutting down and abandoning module CustomMeshComponent (320)
[2017.10.11-21.23.16:893][315]LogModuleManager: Shutting down and abandoning module CableComponent (318)
[2017.10.11-21.23.16:893][315]LogModuleManager: Shutting down and abandoning module ArchVisCharacter (316)
[2017.10.11-21.23.16:893][315]LogModuleManager: Shutting down and abandoning module AndroidPermission (314)
[2017.10.11-21.23.16:893][315]LogModuleManager: Shutting down and abandoning module MediaPlayerEditor (310)
[2017.10.11-21.23.16:893][315]LogModuleManager: Shutting down and abandoning module HTML5Networking (308)
[2017.10.11-21.23.16:893][315]LogModuleManager: Shutting down and abandoning module AlembicImporter (306)
[2017.10.11-21.23.16:893][315]LogModuleManager: Shutting down and abandoning module AlembicLibrary (305)
[2017.10.11-21.23.16:893][315]LogModuleManager: Shutting down and abandoning module GeometryCache (304)
[2017.10.11-21.23.16:893][315]LogModuleManager: Shutting down and abandoning module GeometryCacheEd (303)
[2017.10.11-21.23.16:893][315]LogModuleManager: Shutting down and abandoning module SpeedTreeImporter (298)
[2017.10.11-21.23.16:893][315]LogModuleManager: Shutting down and abandoning module PluginBrowser (296)
[2017.10.11-21.23.16:893][315]LogModuleManager: Shutting down and abandoning module MobileLauncherProfileWizard (294)
[2017.10.11-21.23.16:894][315]LogModuleManager: Shutting down and abandoning module VisualStudioSourceCodeAccess (292)
[2017.10.11-21.23.16:894][315]LogModuleManager: Shutting down and abandoning module DesktopPlatform (291)
[2017.10.11-21.23.16:894][315]LogModuleManager: Shutting down and abandoning module UObjectPlugin (288)
[2017.10.11-21.23.16:894][315]LogModuleManager: Shutting down and abandoning module SubversionSourceControl (286)
[2017.10.11-21.23.16:894][315]LogModuleManager: Shutting down and abandoning module PerforceSourceControl (284)
[2017.10.11-21.23.16:894][315]LogModuleManager: Shutting down and abandoning module GitSourceControl (282)
[2017.10.11-21.23.16:894][315]LogModuleManager: Shutting down and abandoning module SourceControl (281)
[2017.10.11-21.23.16:896][315]LogModuleManager: Shutting down and abandoning module LightPropagationVolumeEditor (278)
[2017.10.11-21.23.16:896][315]LogModuleManager: Shutting down and abandoning module PaperTiledImporter (276)
[2017.10.11-21.23.16:896][315]LogModuleManager: Shutting down and abandoning module PaperSpriteSheetImporter (274)
[2017.10.11-21.23.16:896][315]LogModuleManager: Shutting down and abandoning module Paper2DEditor (272)
[2017.10.11-21.23.16:897][315]LogModuleManager: Shutting down and abandoning module MeshPaint (271)
[2017.10.11-21.23.16:897][315]LogModuleManager: Shutting down and abandoning module LevelEditor (269)
[2017.10.11-21.23.16:899][315]LogModuleManager: Shutting down and abandoning module PixelInspectorModule (268)
[2017.10.11-21.23.16:899][315]LogModuleManager: Shutting down and abandoning module MainFrame (266)
[2017.10.11-21.23.16:900][315]LogModuleManager: Shutting down and abandoning module HotReload (265)
[2017.10.11-21.23.16:900][315]LogModuleManager: Shutting down and abandoning module RuntimePhysXCooking (260)
[2017.10.11-21.23.16:900][315]LogModuleManager: Shutting down and abandoning module PhysXVehiclesEditor (258)
[2017.10.11-21.23.16:900][315]LogModuleManager: Shutting down and abandoning module PhysXVehicles (256)
[2017.10.11-21.23.16:900][315]LogModuleManager: Shutting down and abandoning module OculusEditor (254)
[2017.10.11-21.23.16:900][315]LogModuleManager: Shutting down and abandoning module LocationServicesBPLibrary (252)
[2017.10.11-21.23.16:900][315]LogModuleManager: Shutting down and abandoning module ImmediatePhysicsEditor (250)
[2017.10.11-21.23.16:900][315]LogModuleManager: Shutting down and abandoning module ImmediatePhysics (248)
[2017.10.11-21.23.16:900][315]LogModuleManager: Shutting down and abandoning module UdpMessaging (246)
[2017.10.11-21.23.17:001][315]LogModuleManager: Shutting down and abandoning module TcpMessaging (244)
[2017.10.11-21.23.17:102][315]LogModuleManager: Shutting down and abandoning module GameplayTagsEditor (242)
[2017.10.11-21.23.17:102][315]LogModuleManager: Shutting down and abandoning module FacialAnimationEditor (240)
[2017.10.11-21.23.17:102][315]LogModuleManager: Shutting down and abandoning module FacialAnimation (238)
[2017.10.11-21.23.17:102][315]LogModuleManager: Shutting down and abandoning module AssetManagerEditor (236)
[2017.10.11-21.23.17:102][315]LogModuleManager: Shutting down and abandoning module GraphEditor (235)
[2017.10.11-21.23.17:102][315]LogModuleManager: Shutting down and abandoning module ContentBrowser (233)
[2017.10.11-21.23.17:104][315]LogModuleManager: Shutting down and abandoning module LightPropagationVolumeRuntime (230)
[2017.10.11-21.23.17:104][315]LogModuleManager: Shutting down and abandoning module Paper2D (228)
[2017.10.11-21.23.17:104][315]LogModuleManager: Shutting down and abandoning module WindowsMoviePlayer (226)
[2017.10.11-21.23.17:104][315]LogModuleManager: Shutting down and abandoning module WmfMedia (224)
[2017.10.11-21.23.17:104][315]LogModuleManager: Shutting down and abandoning module PacketHandler (222)
[2017.10.11-21.23.17:104][315]LogModuleManager: Shutting down and abandoning module ClothingSystemEditor (220)
[2017.10.11-21.23.17:105][315]LogModuleManager: Shutting down and abandoning module ClothingSystemRuntime (218)
[2017.10.11-21.23.17:105][315]LogModuleManager: Shutting down and abandoning module Overlay (216)
[2017.10.11-21.23.17:105][315]LogModuleManager: Shutting down and abandoning module OverlayEditor (215)
[2017.10.11-21.23.17:105][315]LogModuleManager: Shutting down and abandoning module MediaAssets (212)
[2017.10.11-21.23.17:105][315]LogModuleManager: Shutting down and abandoning module VREditor (210)
[2017.10.11-21.23.17:105][315]LogModuleManager: Shutting down and abandoning module StringTableEditor (208)
[2017.10.11-21.23.17:105][315]LogModuleManager: Shutting down and abandoning module GameplayTasksEditor (206)
[2017.10.11-21.23.17:105][315]LogModuleManager: Shutting down and abandoning module BehaviorTreeEditor (204)
[2017.10.11-21.23.17:105][315]LogModuleManager: Shutting down and abandoning module FunctionalTesting (202)
[2017.10.11-21.23.17:105][315]LogModuleManager: Shutting down and abandoning module CollisionAnalyzer (200)
[2017.10.11-21.23.17:107][315]LogModuleManager: Shutting down and abandoning module WorkspaceMenuStructure (199)
[2017.10.11-21.23.17:107][315]LogModuleManager: Shutting down and abandoning module UMG (196)
[2017.10.11-21.23.17:107][315]LogModuleManager: Shutting down and abandoning module UMGEditor (195)
[2017.10.11-21.23.17:107][315]LogModuleManager: Shutting down and abandoning module Sequencer (194)
[2017.10.11-21.23.17:107][315]LogModuleManager: Shutting down and abandoning module MessageLog (191)
[2017.10.11-21.23.17:107][315]LogModuleManager: Shutting down and abandoning module SlateReflector (186)
[2017.10.11-21.23.17:107][315]LogModuleManager: Shutting down and abandoning module Slate (184)
[2017.10.11-21.23.17:107][315]LogModuleManager: Shutting down and abandoning module EditorStyle (182)
[2017.10.11-21.23.17:110][315]LogModuleManager: Shutting down and abandoning module MRMesh (180)
[2017.10.11-21.23.17:110][315]LogModuleManager: Shutting down and abandoning module SourceCodeAccess (178)
[2017.10.11-21.23.17:110][315]LogModuleManager: Shutting down and abandoning module HeadMountedDisplay (176)
[2017.10.11-21.23.17:110][315]LogModuleManager: Shutting down and abandoning module XAudio2 (174)
[2017.10.11-21.23.17:110][315]LogModuleManager: Shutting down and abandoning module Networking (172)
[2017.10.11-21.23.17:110][315]LogModuleManager: Shutting down and abandoning module Core (168)
[2017.10.11-21.23.17:110][315]LogModuleManager: Shutting down and abandoning module KismetCompiler (164)
[2017.10.11-21.23.17:110][315]LogModuleManager: Shutting down and abandoning module LevelSequence (162)
[2017.10.11-21.23.17:110][315]LogModuleManager: Shutting down and abandoning module MeshUtilities (160)
[2017.10.11-21.23.17:110][315]LogModuleManager: Shutting down and abandoning module MeshMergeUtilities (159)
[2017.10.11-21.23.17:110][315]LogModuleManager: Shutting down and abandoning module MeshReductionInterface (158)
[2017.10.11-21.23.17:110][315]LogModuleManager: Shutting down and abandoning module SimplygonSwarm (157)
[2017.10.11-21.23.17:110][315]LogModuleManager: Shutting down and abandoning module SimplygonMeshReduction (155)
[2017.10.11-21.23.17:110][315]LogModuleManager: Shutting down and abandoning module QuadricMeshReduction (153)
[2017.10.11-21.23.17:110][315]LogModuleManager: Shutting down and abandoning module MaterialBaking (149)
[2017.10.11-21.23.17:111][315]LogModuleManager: Shutting down and abandoning module DirectoryWatcher (146)
[2017.10.11-21.23.17:119][315]LogModuleManager: Shutting down and abandoning module DerivedDataCache (144)
[2017.10.11-21.23.17:186][315]LogDerivedDataCache: Shutdown
[2017.10.11-21.23.17:186][315]LogModuleManager: Shutting down and abandoning module TargetPlatform (142)
[2017.10.11-21.23.17:186][315]LogModuleManager: Shutting down and abandoning module VulkanShaderFormat (141)
[2017.10.11-21.23.17:186][315]LogModuleManager: Shutting down and abandoning module ShaderFormatVectorVM (139)
[2017.10.11-21.23.17:186][315]LogModuleManager: Shutting down and abandoning module ShaderFormatOpenGL (137)
[2017.10.11-21.23.17:186][315]LogModuleManager: Shutting down and abandoning module ShaderFormatD3D (135)
[2017.10.11-21.23.17:187][315]LogModuleManager: Shutting down and abandoning module MetalShaderFormat (133)
[2017.10.11-21.23.17:187][315]LogModuleManager: Shutting down and abandoning module TextureFormatUncompressed (131)
[2017.10.11-21.23.17:187][315]LogModuleManager: Shutting down and abandoning module TextureFormatPVR (129)
[2017.10.11-21.23.17:187][315]LogModuleManager: Shutting down and abandoning module TextureFormatDXT (127)
[2017.10.11-21.23.17:187][315]LogModuleManager: Shutting down and abandoning module TextureFormatIntelISPCTexComp (125)
[2017.10.11-21.23.17:187][315]LogModuleManager: Shutting down and abandoning module TextureFormatASTC (123)
[2017.10.11-21.23.17:187][315]LogModuleManager: Shutting down and abandoning module ImageWrapper (122)
[2017.10.11-21.23.17:187][315]LogModuleManager: Shutting down and abandoning module TextureFormatAndroid (119)
[2017.10.11-21.23.17:187][315]LogModuleManager: Shutting down and abandoning module AudioFormatOpus (117)
[2017.10.11-21.23.17:187][315]LogModuleManager: Shutting down and abandoning module AudioFormatOgg (115)
[2017.10.11-21.23.17:187][315]LogModuleManager: Shutting down and abandoning module AudioFormatADPCM (113)
[2017.10.11-21.23.17:187][315]LogModuleManager: Shutting down and abandoning module LinuxTargetPlatform (111)
[2017.10.11-21.23.17:187][315]LogModuleManager: Shutting down and abandoning module LinuxServerTargetPlatform (109)
[2017.10.11-21.23.17:187][315]LogModuleManager: Shutting down and abandoning module LinuxNoEditorTargetPlatform (107)
[2017.10.11-21.23.17:187][315]LogModuleManager: Shutting down and abandoning module LinuxClientTargetPlatform (105)
[2017.10.11-21.23.17:187][315]LogModuleManager: Shutting down and abandoning module TVOSTargetPlatform (103)
[2017.10.11-21.23.17:187][315]LogModuleManager: Shutting down and abandoning module Messaging (101)
[2017.10.11-21.23.17:187][315]LogModuleManager: Shutting down and abandoning module IOSTargetPlatform (99)
[2017.10.11-21.23.17:187][315]LogModuleManager: Shutting down and abandoning module HTML5TargetPlatform (97)
[2017.10.11-21.23.17:187][315]LogModuleManager: Shutting down and abandoning module Android_PVRTCTargetPlatform (95)
[2017.10.11-21.23.17:187][315]LogModuleManager: Shutting down and abandoning module Android_MultiTargetPlatform (93)
[2017.10.11-21.23.17:187][315]LogModuleManager: Shutting down and abandoning module Android_ETC2TargetPlatform (91)
[2017.10.11-21.23.17:187][315]LogModuleManager: Shutting down and abandoning module Android_ETC1TargetPlatform (89)
[2017.10.11-21.23.17:187][315]LogModuleManager: Shutting down and abandoning module Android_DXTTargetPlatform (87)
[2017.10.11-21.23.17:187][315]LogModuleManager: Shutting down and abandoning module Android_ATCTargetPlatform (85)
[2017.10.11-21.23.17:187][315]LogModuleManager: Shutting down and abandoning module Android_ASTCTargetPlatform (83)
[2017.10.11-21.23.17:187][315]LogModuleManager: Shutting down and abandoning module AndroidTargetPlatform (81)
[2017.10.11-21.23.17:187][315]LogModuleManager: Shutting down and abandoning module WindowsTargetPlatform (79)
[2017.10.11-21.23.17:187][315]LogModuleManager: Shutting down and abandoning module WindowsServerTargetPlatform (77)
[2017.10.11-21.23.17:187][315]LogModuleManager: Shutting down and abandoning module WindowsNoEditorTargetPlatform (75)
[2017.10.11-21.23.17:187][315]LogModuleManager: Shutting down and abandoning module WindowsClientTargetPlatform (73)
[2017.10.11-21.23.17:187][315]LogModuleManager: Shutting down and abandoning module MacTargetPlatform (71)
[2017.10.11-21.23.17:187][315]LogModuleManager: Shutting down and abandoning module MacServerTargetPlatform (69)
[2017.10.11-21.23.17:188][315]LogModuleManager: Shutting down and abandoning module MacNoEditorTargetPlatform (67)
[2017.10.11-21.23.17:188][315]LogModuleManager: Shutting down and abandoning module MacClientTargetPlatform (65)
[2017.10.11-21.23.17:188][315]LogModuleManager: Shutting down and abandoning module AllDesktopTargetPlatform (63)
[2017.10.11-21.23.17:188][315]LogModuleManager: Shutting down and abandoning module InputCore (60)
[2017.10.11-21.23.17:188][315]LogModuleManager: Shutting down and abandoning module Settings (58)
[2017.10.11-21.23.17:188][315]LogModuleManager: Shutting down and abandoning module PhysXCooking (56)
[2017.10.11-21.23.17:188][315]LogModuleManager: Shutting down and abandoning module SteamVR (54)
[2017.10.11-21.23.17:188][315]LogModuleManager: Shutting down and abandoning module OculusHMD (52)
[2017.10.11-21.23.17:188][315]LogModuleManager: Shutting down and abandoning module ExampleDeviceProfileSelector (50)
[2017.10.11-21.23.17:188][315]LogModuleManager: Shutting down and abandoning module OnlineBlueprintSupport (48)
[2017.10.11-21.23.17:188][315]LogModuleManager: Shutting down and abandoning module OnlineSubsystem (44)
[2017.10.11-21.23.17:188][315]LogOnline: Display: Unloading online subsystem: NULL
[2017.10.11-21.23.17:188][315]LogModuleManager: Shutting down and abandoning module XMPP (43)
[2017.10.11-21.23.17:188][315]LogModuleManager: Shutting down and abandoning module HTTP (41)
[2017.10.11-21.23.17:188][315]LogHttp: Display: Http module shutting down, but needs to wait on 1 outstanding Http requests:
[2017.10.11-21.23.17:188][315]LogHttp: Display: 	verb=[POST] url=[https://datarouter.ol.epicgames.com/datarouter/api/v1/public/data?SessionID=%7BF090A2AD-45F5-EF9F-F752-6AA2F06FA639%7D&AppID=UEEditor.Rocket.Release&AppVersion=4.17.2-3658906%2B%2B%2BUE4%2BRelease-4.17&UserID=03273c0f44ffc416104f4182a7ee3b9a%7Ce94d3a14146b4c37b900ee330d3547a2%7C8ea02af6-757f-4d7a-891e-6d992f204c0d&AppEnvironment=datacollector-binary&UploadType=eteventstream] status=Processing
[2017.10.11-21.23.17:218][315]LogModuleManager: Shutting down and abandoning module SSL (40)
[2017.10.11-21.23.17:220][315]LogModuleManager: Shutting down and abandoning module AnimationModifiers (36)
[2017.10.11-21.23.17:220][315]LogModuleManager: Shutting down and abandoning module PropertyEditor (35)
[2017.10.11-21.23.17:220][315]LogModuleManager: Shutting down and abandoning module AudioEditor (32)
[2017.10.11-21.23.17:220][315]LogModuleManager: Shutting down and abandoning module TextureCompressor (30)
[2017.10.11-21.23.17:220][315]LogModuleManager: Shutting down and abandoning module ShaderCore (28)
[2017.10.11-21.23.17:220][315]LogModuleManager: Shutting down and abandoning module Landscape (26)
[2017.10.11-21.23.17:220][315]LogModuleManager: Shutting down and abandoning module SlateRHIRenderer (24)
[2017.10.11-21.23.17:223][315]LogModuleManager: Shutting down and abandoning module OpenGLDrv (22)
[2017.10.11-21.23.17:223][315]LogModuleManager: Shutting down and abandoning module D3D11RHI (20)
[2017.10.11-21.23.17:223][315]LogModuleManager: Shutting down and abandoning module AnimGraphRuntime (18)
[2017.10.11-21.23.17:223][315]LogModuleManager: Shutting down and abandoning module Renderer (16)
[2017.10.11-21.23.17:223][315]LogModuleManager: Shutting down and abandoning module Engine (14)
[2017.10.11-21.23.17:223][315]LogModuleManager: Shutting down and abandoning module CoreUObject (12)
[2017.10.11-21.23.17:224][315]LogModuleManager: Shutting down and abandoning module NetworkFile (10)
[2017.10.11-21.23.17:224][315]LogModuleManager: Shutting down and abandoning module CookedIterativeFile (8)
[2017.10.11-21.23.17:224][315]LogModuleManager: Shutting down and abandoning module StreamingFile (6)
[2017.10.11-21.23.17:224][315]LogModuleManager: Shutting down and abandoning module SandboxFile (4)
[2017.10.11-21.23.17:224][315]LogModuleManager: Shutting down and abandoning module PakFile (2)
[2017.10.11-21.23.17:230][315]LogExit: Exiting.
[2017.10.11-21.23.17:263][315]Log file closed, 10/11/17 23:23:17
