Log file open, 10/06/17 21:51:26
LogWindows: Failed to load 'aqProf.dll' (GetLastError=126)
LogWindows: File 'aqProf.dll' does not exist
LogWindows: Failed to load 'VSPerf140.dll' (GetLastError=126)
LogWindows: File 'VSPerf140.dll' does not exist
LogWindows: Failed to load 'VtuneApi.dll' (GetLastError=126)
LogWindows: File 'VtuneApi.dll' does not exist
LogWindows: Failed to load 'VtuneApi32e.dll' (GetLastError=126)
LogWindows: File 'VtuneApi32e.dll' does not exist
LogInit: Display: Running engine for game: BallGame
LogPlatformFile: Not using cached read wrapper
LogInit: Display: RandInit(-1557668491) SRandInit(-1557668491).
LogTaskGraph: Started task graph with 5 named threads and 14 total threads with 3 sets of task threads.
LogStats: Stats thread started at 0.828699
LogD3D11RHI: Aftermath initialized
LogPluginManager: Mounting plugin Paper2D
LogPluginManager: Mounting plugin LightPropagationVolume
LogPluginManager: Mounting plugin CodeLiteSourceCodeAccess
LogPluginManager: Mounting plugin GitSourceControl
LogPluginManager: Mounting plugin KDevelopSourceCodeAccess
LogPluginManager: Mounting plugin NullSourceCodeAccess
LogPluginManager: Mounting plugin PerforceSourceControl
LogPluginManager: Mounting plugin SubversionSourceControl
LogPluginManager: Mounting plugin UObjectPlugin
LogPluginManager: Mounting plugin VisualStudioSourceCodeAccess
LogPluginManager: Mounting plugin XCodeSourceCodeAccess
LogPluginManager: Mounting plugin AssetManagerEditor
LogPluginManager: Mounting plugin AudioCapture
LogPluginManager: Mounting plugin FacialAnimation
LogPluginManager: Mounting plugin GameplayTagsEditor
LogPluginManager: Mounting plugin MobileLauncherProfileWizard
LogPluginManager: Mounting plugin PluginBrowser
LogPluginManager: Mounting plugin SpeedTreeImporter
LogPluginManager: Mounting plugin AlembicImporter
LogPluginManager: Mounting plugin CharacterAI
LogPluginManager: Mounting plugin HTML5Networking
LogPluginManager: Mounting plugin AndroidMedia
LogPluginManager: Mounting plugin AvfMedia
LogPluginManager: Mounting plugin MediaPlayerEditor
LogPluginManager: Mounting plugin WmfMedia
LogPluginManager: Mounting plugin TcpMessaging
LogPluginManager: Mounting plugin UdpMessaging
LogPluginManager: Mounting plugin LevelSequenceEditor
LogPluginManager: Mounting plugin MatineeToLevelSequence
LogPluginManager: Mounting plugin OnlineSubsystemGooglePlay
LogPluginManager: Mounting plugin OnlineSubsystemIOS
LogPluginManager: Mounting plugin OnlineSubsystem
LogPluginManager: Mounting plugin OnlineSubsystemNull
LogPluginManager: Mounting plugin OnlineSubsystemUtils
LogPluginManager: Mounting plugin AndroidDeviceProfileSelector
LogPluginManager: Mounting plugin AndroidMoviePlayer
LogPluginManager: Mounting plugin AndroidPermission
LogPluginManager: Mounting plugin AppleMoviePlayer
LogPluginManager: Mounting plugin ArchVisCharacter
LogPluginManager: Mounting plugin CableComponent
LogPluginManager: Mounting plugin CustomMeshComponent
LogPluginManager: Mounting plugin ExampleDeviceProfileSelector
LogPluginManager: Mounting plugin GoogleCloudMessaging
LogPluginManager: Mounting plugin ImmediatePhysics
LogPluginManager: Mounting plugin IOSDeviceProfileSelector
LogPluginManager: Mounting plugin LinuxDeviceProfileSelector
LogPluginManager: Mounting plugin LocationServicesBPLibrary
LogPluginManager: Mounting plugin MobilePatchingUtils
LogPluginManager: Mounting plugin OculusVR
LogPluginManager: Mounting plugin PhysXVehicles
LogPluginManager: Mounting plugin ProceduralMeshComponent
LogPluginManager: Mounting plugin RuntimePhysXCooking
LogPluginManager: Mounting plugin SteamVR
LogPluginManager: Mounting plugin WindowsMoviePlayer
LogInit: Using libcurl 7.47.1
LogInit:  - built for x86_64-pc-win32
LogInit:  - supports SSL with OpenSSL/1.0.2g
LogInit:  - supports HTTP deflate (compression) using libz 1.2.8
LogInit:  - other features:
LogInit:      CURL_VERSION_SSL
LogInit:      CURL_VERSION_LIBZ
LogInit:      CURL_VERSION_IPV6
LogInit:      CURL_VERSION_ASYNCHDNS
LogInit:      CURL_VERSION_LARGEFILE
LogInit:      CURL_VERSION_IDN
LogInit:  CurlRequestOptions (configurable via config and command line):
LogInit:  - bVerifyPeer = false  - Libcurl will NOT verify peer certificate
LogInit:  - bUseHttpProxy = false  - Libcurl will NOT use HTTP proxy
LogInit:  - bDontReuseConnections = false  - Libcurl will reuse connections
LogInit:  - CertBundlePath = nullptr  - Libcurl will use whatever was configured at build time.
LogInit: Build: ++UE4+Release-4.17-CL-3658906
LogInit: Engine Version: 4.17.2-3658906+++UE4+Release-4.17
LogInit: Compatible Engine Version: 4.17.0-3573198+++UE4+Release-4.17
LogInit: Net CL: 3573198
LogDevObjectVersion: Number of dev versions registered: 16
LogDevObjectVersion:   Dev-Blueprints (B0D832E4-1F89-4F0D-ACCF-7EB736FD4AA2): 10
LogDevObjectVersion:   Dev-Build (E1C64328-A22C-4D53-A36C-8E866417BD8C): 0
LogDevObjectVersion:   Dev-Core (375EC13C-06E4-48FB-B500-84F0262A717E): 2
LogDevObjectVersion:   Dev-Editor (E4B068ED-F494-42E9-A231-DA0B2E46BB41): 20
LogDevObjectVersion:   Dev-Framework (CFFC743F-43B0-4480-9391-14DF171D2073): 28
LogDevObjectVersion:   Dev-Mobile (B02B49B5-BB20-44E9-A304-32B752E40360): 0
LogDevObjectVersion:   Dev-Networking (A4E4105C-59A1-49B5-A7C5-40C4547EDFEE): 0
LogDevObjectVersion:   Dev-Online (39C831C9-5AE6-47DC-9A44-9C173E1C8E7C): 0
LogDevObjectVersion:   Dev-Physics (78F01B33-EBEA-4F98-B9B4-84EACCB95AA2): 0
LogDevObjectVersion:   Dev-Platform (6631380F-2D4D-43E0-8009-CF276956A95A): 0
LogDevObjectVersion:   Dev-Rendering (12F88B9F-8875-4AFC-A67C-D90C383ABD29): 19
LogDevObjectVersion:   Dev-Sequencer (7B5AE74C-D270-4C10-A958-57980B212A5A): 4
LogDevObjectVersion:   Dev-VR (D7296918-1DD6-4BDD-9DE2-64A83CC13884): 0
LogDevObjectVersion:   Dev-LoadTimes (C2A15278-BFE7-4AFE-6C17-90FF531DF755): 1
LogDevObjectVersion:   Private-Geometry (6EACA3D4-40EC-4CC1-B786-8BED09428FC5): 1
LogDevObjectVersion:   Dev-AnimPhys (29E575DD-E0A3-4627-9D10-D276232CDCEA): 7
LogInit: Compiled (64-bit): Sep 22 2017 13:47:16
LogInit: Compiled with Visual C++: 19.00.24215.01
LogInit: Build Configuration: Development
LogInit: Branch Name: ++UE4+Release-4.17
LogInit: Command line:  
LogInit: Base directory: G:/Unreal Engine/UE_4.17/Engine/Binaries/Win64/
LogInit: Installed Engine Build: 1
LogInit: Presizing for max 8388607 objects, including 0 objects not considered by GC, pre-allocating 0 bytes for permanent pool.
LogInit: Object subsystem initialized
[2017.10.06-19.51.27:565][  0]LogInit: Selected Device Profile: [Windows]
[2017.10.06-19.51.27:565][  0]LogInit: Applying CVar settings loaded from the selected device profile: [Windows]
[2017.10.06-19.51.27:584][  0]LogInit: Computer: TIM-PC
[2017.10.06-19.51.27:584][  0]LogInit: User: TimPC
[2017.10.06-19.51.27:584][  0]LogInit: CPU Page size=4096, Cores=4
[2017.10.06-19.51.27:584][  0]LogInit: High frequency timer resolution =3.508052 MHz
[2017.10.06-19.51.27:584][  0]LogMemory: Memory total: Physical=8.0GB (8GB approx)
[2017.10.06-19.51.27:584][  0]LogMemory: Platform Memory Stats for Windows
[2017.10.06-19.51.27:584][  0]LogMemory: Process Physical Memory: 275.57 MB used, 275.57 MB peak
[2017.10.06-19.51.27:584][  0]LogMemory: Process Virtual Memory: 274.23 MB used, 274.23 MB peak
[2017.10.06-19.51.27:584][  0]LogMemory: Physical Memory: 3471.98 MB used,  4676.74 MB free, 8148.72 MB total
[2017.10.06-19.51.27:584][  0]LogMemory: Virtual Memory: 653.54 MB used,  4676.74 MB free, 134217728.00 MB total
[2017.10.06-19.51.27:915][  0]LogInit: Using OS detected language (de-DE).
[2017.10.06-19.51.27:915][  0]LogInit: Using OS detected locale (de-DE).
[2017.10.06-19.51.27:925][  0]LogTextLocalizationManager: No localization for 'de-DE' exists, so 'en' will be used for the language.
[2017.10.06-19.51.27:925][  0]LogTextLocalizationManager: No localization for 'de-DE' exists, so 'en' will be used for the locale.
[2017.10.06-19.51.29:161][  0]LogD3D11RHI: D3D11 adapters:
[2017.10.06-19.51.29:940][  0]LogD3D11RHI:    0. 'NVIDIA GeForce GTX 1060 6GB' (Feature Level 11_0)
[2017.10.06-19.51.29:940][  0]LogD3D11RHI:       6014/0/4074 MB DedicatedVideo/DedicatedSystem/SharedSystem, Outputs:2, VendorId:0x10de
[2017.10.06-19.51.29:942][  0]LogD3D11RHI:    1. 'Microsoft Basic Render Driver' (Feature Level 11_0)
[2017.10.06-19.51.29:942][  0]LogD3D11RHI:       0/0/256 MB DedicatedVideo/DedicatedSystem/SharedSystem, Outputs:0, VendorId:0x1414
[2017.10.06-19.51.29:942][  0]LogD3D11RHI: Chosen D3D11 Adapter: 0
[2017.10.06-19.51.29:954][  0]LogD3D11RHI: Creating new Direct3DDevice
[2017.10.06-19.51.29:954][  0]LogD3D11RHI:     GPU DeviceId: 0x1c03 (for the marketing name, search the web for "GPU Device Id")
[2017.10.06-19.51.29:954][  0]LogWindows: EnumDisplayDevices:
[2017.10.06-19.51.29:954][  0]LogWindows:    0. 'NVIDIA GeForce GTX 1060 6GB' (P:0 D:1)
[2017.10.06-19.51.29:955][  0]LogWindows:    1. 'NVIDIA GeForce GTX 1060 6GB' (P:1 D:1)
[2017.10.06-19.51.29:955][  0]LogWindows:    2. 'NVIDIA GeForce GTX 1060 6GB' (P:0 D:0)
[2017.10.06-19.51.29:955][  0]LogWindows:    3. 'NVIDIA GeForce GTX 1060 6GB' (P:0 D:0)
[2017.10.06-19.51.29:955][  0]LogWindows: DebugString: FoundDriverCount:4 
[2017.10.06-19.51.29:955][  0]LogD3D11RHI:     Adapter Name: NVIDIA GeForce GTX 1060 6GB
[2017.10.06-19.51.29:956][  0]LogD3D11RHI:   Driver Version: 384.76 (internal:22.21.13.8476, unified:384.76)
[2017.10.06-19.51.29:956][  0]LogD3D11RHI:      Driver Date: 6-27-2017
[2017.10.06-19.51.29:956][  0]LogRHI: Texture pool is 1361 MB (70% of 1945 MB)
[2017.10.06-19.51.30:671][  0]LogD3D11RHI: Async texture creation enabled
[2017.10.06-19.51.30:767][  0]LogD3D11RHI: GPU Timing Frequency: 1000.000000 (Debug: 2 2)
[2017.10.06-19.51.30:824][  0]LogShaderCompilers: Guid format shader working directory is 4 characters bigger than the processId version (../../../../../Unreal Engine Projects/BallGame/Intermediate/Shaders/WorkingDirectory/3848/).
[2017.10.06-19.51.30:824][  0]LogShaderCompilers: Cleaned the shader compiler working directory 'C:/Users/treve_000/AppData/Local/Temp/UnrealShaderWorkingDir/82049F234C47F5C36B89B3B8BD93E3C5/'.
[2017.10.06-19.51.30:825][  0]LogShaderCompilers: Display: Using Local Shader Compiler.
[2017.10.06-19.51.32:566][  0]LogTemp: Display: Loaded TP AllDesktopTargetPlatform
[2017.10.06-19.51.32:638][  0]LogTemp: Display: Loaded TP MacClientTargetPlatform
[2017.10.06-19.51.32:708][  0]LogTemp: Display: Loaded TP MacNoEditorTargetPlatform
[2017.10.06-19.51.32:777][  0]LogTemp: Display: Loaded TP MacServerTargetPlatform
[2017.10.06-19.51.32:848][  0]LogTemp: Display: Loaded TP MacTargetPlatform
[2017.10.06-19.51.32:917][  0]LogTemp: Display: Loaded TP WindowsClientTargetPlatform
[2017.10.06-19.51.32:990][  0]LogTemp: Display: Loaded TP WindowsNoEditorTargetPlatform
[2017.10.06-19.51.33:060][  0]LogTemp: Display: Loaded TP WindowsServerTargetPlatform
[2017.10.06-19.51.33:117][  0]LogTemp: Display: Loaded TP WindowsTargetPlatform
[2017.10.06-19.51.33:186][  0]LogTemp: Display: Loaded TP AndroidTargetPlatform
[2017.10.06-19.51.33:255][  0]LogTemp: Display: Loaded TP Android_ASTCTargetPlatform
[2017.10.06-19.51.33:322][  0]LogTemp: Display: Loaded TP Android_ATCTargetPlatform
[2017.10.06-19.51.33:392][  0]LogTemp: Display: Loaded TP Android_DXTTargetPlatform
[2017.10.06-19.51.33:462][  0]LogTemp: Display: Loaded TP Android_ETC1TargetPlatform
[2017.10.06-19.51.33:529][  0]LogTemp: Display: Loaded TP Android_ETC2TargetPlatform
[2017.10.06-19.51.33:667][  0]LogTemp: Display: Loaded TP Android_MultiTargetPlatform
[2017.10.06-19.51.33:667][  0]LogTemp: Display: Loaded TP Android_PVRTCTargetPlatform
[2017.10.06-19.51.33:715][  0]LogTemp: Display: Loaded TP HTML5TargetPlatform
[2017.10.06-19.51.33:838][  0]LogTemp: Display: Loaded TP IOSTargetPlatform
[2017.10.06-19.51.33:881][  0]LogTemp: Display: Loaded TP TVOSTargetPlatform
[2017.10.06-19.51.33:947][  0]LogTemp: Display: Loaded TP LinuxClientTargetPlatform
[2017.10.06-19.51.34:019][  0]LogTemp: Display: Loaded TP LinuxNoEditorTargetPlatform
[2017.10.06-19.51.34:087][  0]LogTemp: Display: Loaded TP LinuxServerTargetPlatform
[2017.10.06-19.51.34:154][  0]LogTemp: Display: Loaded TP LinuxTargetPlatform
[2017.10.06-19.51.34:155][  0]LogTargetPlatformManager: Display: Building Assets For Windows
[2017.10.06-19.51.34:842][  0]LogDerivedDataCache: Display: Max Cache Size: 512 MB
[2017.10.06-19.51.35:308][  0]LogDerivedDataCache: Loaded boot cache 0.47s 93MB C:/Users/treve_000/AppData/Local/UnrealEngine/4.17/DerivedDataCache/Boot.ddc.
[2017.10.06-19.51.35:308][  0]LogDerivedDataCache: Display: Loaded Boot cache: C:/Users/treve_000/AppData/Local/UnrealEngine/4.17/DerivedDataCache/Boot.ddc
[2017.10.06-19.51.35:308][  0]LogDerivedDataCache: FDerivedDataBackendGraph:  Pak pak cache file ../../../../../Unreal Engine Projects/BallGame/DerivedDataCache/DDC.ddp not found, will not use a pak cache.
[2017.10.06-19.51.35:308][  0]LogDerivedDataCache: Unable to find inner node Pak for hierarchical cache Hierarchy.
[2017.10.06-19.51.35:308][  0]LogDerivedDataCache: FDerivedDataBackendGraph:  CompressedPak pak cache file ../../../../../Unreal Engine Projects/BallGame/DerivedDataCache/Compressed.ddp not found, will not use a pak cache.
[2017.10.06-19.51.35:308][  0]LogDerivedDataCache: Unable to find inner node CompressedPak for hierarchical cache Hierarchy.
[2017.10.06-19.51.35:342][  0]LogDerivedDataCache: Display: Pak cache opened for reading ../../../Engine/DerivedDataCache/Compressed.ddp.
[2017.10.06-19.51.35:354][  0]LogDerivedDataCache: Using Local data cache path C:/Users/treve_000/AppData/Local/UnrealEngine/Common/DerivedDataCache: Writable
[2017.10.06-19.51.35:377][  0]LogMaterial: Verifying Global Shaders for PCD3D_SM5
[2017.10.06-19.51.35:383][  0]LogSlate: Using Freetype 2.6.0
[2017.10.06-19.51.35:387][  0]LogSlate: SlateFontCache - WITH_FREETYPE: 1, WITH_HARFBUZZ: 1
[2017.10.06-19.51.35:387][  0]LogSlate: SlateFontCache - WITH_FREETYPE: 1, WITH_HARFBUZZ: 1
[2017.10.06-19.51.36:315][  0]LogAssetRegistry: FAssetRegistry took 0.0325 seconds to start up
[2017.10.06-19.51.36:551][  0]LogInit: Selected Device Profile: [Windows]
[2017.10.06-19.51.36:985][  0]LogContentStreaming: Texture pool size is 0.00 MB
[2017.10.06-19.51.37:430][  0]LogSimplygon: Simplygon DLL not present - disabling.
[2017.10.06-19.51.37:482][  0]LogMeshReduction: Using SimplygonSwarm for distributed automatic mesh merging
[2017.10.06-19.51.37:483][  0]LogMeshReduction: Using QuadricMeshReduction for automatic static mesh reduction
[2017.10.06-19.51.37:483][  0]LogMeshReduction: No automatic skeletal mesh reduction module available
[2017.10.06-19.51.37:483][  0]LogMeshReduction: No automatic mesh merging module available
[2017.10.06-19.51.37:483][  0]LogMeshMerging: No automatic mesh merging module available
[2017.10.06-19.51.38:443][  0]LogNetVersion: BallGame , NetCL: 3573198, EngineNetVer: 2, GameNetVer: 0 (Checksum: 1423358224)
[2017.10.06-19.51.38:800][  0]LogPackageLocalizationCache: Processed 5 localized package path(s) for 1 prioritized culture(s) in 0.032380 seconds
[2017.10.06-19.51.38:810][  0]LogUObjectArray: 35825 objects as part of root set at end of initial load.
[2017.10.06-19.51.38:810][  0]LogUObjectAllocator: 7529104 out of 0 bytes used by permanent object pool.
[2017.10.06-19.51.38:810][  0]LogUObjectArray: CloseDisregardForGC: 0/0 objects in disregard for GC pool
[2017.10.06-19.51.38:887][  0]LogInit: WinSock: version 1.1 (2.2), MaxSocks=32767, MaxUdp=65467
[2017.10.06-19.51.43:760][  0]LogTcpMessaging: Initializing TcpMessaging bridge
[2017.10.06-19.51.43:811][  0]LogUdpMessaging: Initializing bridge on interface 0.0.0.0:0 to multicast group 230.0.0.1:6666.
[2017.10.06-19.51.44:689][  0]LogMaterial: Uniform references updated for custom material expression Custom.
[2017.10.06-19.51.45:253][  0]SourceControl: Source control is disabled
[2017.10.06-19.51.45:254][  0]SourceControl: Source control is disabled
[2017.10.06-19.51.45:322][  0]SourceControl: Source control is disabled
[2017.10.06-19.51.45:382][  0]SourceControl: Source control is disabled
[2017.10.06-19.51.46:149][  0]LogAndroidPermission: UAndroidPermissionCallbackProxy::GetInstance
[2017.10.06-19.51.46:446][  0]LogOcInput: OculusInput pre-init called
[2017.10.06-19.51.46:812][  0]LogEngine: Initializing Engine...
[2017.10.06-19.51.46:819][  0]LogHMD: Failed to initialize OpenVR with code 110
[2017.10.06-19.51.47:308][  0]LogStats: UGameplayTagsManager::ConstructGameplayTagTree: Construct from data asset -  0.000 s
[2017.10.06-19.51.47:310][  0]LogStats: UGameplayTagsManager::ConstructGameplayTagTree: GameplayTagTreeChangedEvent.Broadcast -  0.000 s
[2017.10.06-19.51.47:541][  0]LogAIModule: Creating AISystem for world Untitled
[2017.10.06-19.51.47:577][  0]LogInit: XAudio2 using 'Lautsprecher (Logitech G930 Gaming Headset)' : 6 channels at 48 kHz using 16 bits per sample (channel mask 0x3f)
[2017.10.06-19.51.47:600][  0]LogInit: FAudioDevice initialized.
[2017.10.06-19.51.47:741][  0]LogDerivedDataCache: Saved boot cache 0.14s 93MB C:/Users/treve_000/AppData/Local/UnrealEngine/4.17/DerivedDataCache/Boot.ddc.
[2017.10.06-19.51.47:787][  0]LogInit: Texture streaming: Enabled
[2017.10.06-19.51.47:939][  0]LogEngineSessionManager: EngineSessionManager initialized
[2017.10.06-19.51.48:248][  0]LogInit: Transaction tracking system initialized
[2017.10.06-19.51.48:658][  0]BlueprintLog: New page: Editor Load
[2017.10.06-19.51.49:861][  0]LocalizationService: Localization service is disabled
[2017.10.06-19.51.50:774][  0]LogConsoleResponse: Display: 
[2017.10.06-19.51.51:137][  0]LogFileCache: Scanning file cache for directory 'G:/Unreal Engine Projects/BallGame/Content/' took 0.02s
[2017.10.06-19.51.51:137][  0]LogCook: Display: Max memory allowance for cook 16384mb min free memory 0mb
[2017.10.06-19.51.51:138][  0]LogCook: Display: Mobile HDR setting 1
[2017.10.06-19.51.51:140][  0]LogGameplayTags: Display: UGameplayTagsManager::DoneAddingNativeTags. DelegateIsBound: 0
[2017.10.06-19.51.52:548][  0]SourceControl: Source control is disabled
[2017.10.06-19.51.52:552][  0]Cmd: MAP LOAD FILE="../../../../../Unreal Engine Projects/BallGame/Content/ThirdPersonBP/Maps/ThirdPersonExampleMap.umap" TEMPLATE=0 SHOWPROGRESS=1 FEATURELEVEL=3
[2017.10.06-19.51.52:556][  0]LightingResults: New page: Lighting Build
[2017.10.06-19.51.52:614][  0]MapCheck: New page: Map Check
[2017.10.06-19.51.52:614][  0]LightingResults: New page: Lighting Build
[2017.10.06-19.51.54:119][  0]LogAIModule: Creating AISystem for world ThirdPersonExampleMap
[2017.10.06-19.51.54:210][  0]LogEditorServer: Finished looking for orphan Actors (0.000 secs)
[2017.10.06-19.51.54:289][  0]Cmd: MAP CHECKDEP NOCLEARLOG
[2017.10.06-19.51.54:364][  0]MapCheck: Map check complete: 0 Error(s), 0 Warning(s), took 75.077ms to complete.
[2017.10.06-19.51.54:365][  0]LogFileHelpers: Loading map 'ThirdPersonExampleMap' took 1.815
[2017.10.06-19.51.54:493][  0]LogWindowsTextInputMethodSystem: Display: IME system now deactivated.
[2017.10.06-19.51.54:725][  0]LogCollectionManager: Loaded 0 collections in 0.001621 seconds
[2017.10.06-19.51.54:853][  0]LogFileCache: Scanning file cache for directory 'G:/Unreal Engine Projects/BallGame/Saved/Collections/' took 0.01s
[2017.10.06-19.51.54:853][  0]LogFileCache: Scanning file cache for directory 'G:/Unreal Engine Projects/BallGame/Content/Developers/TimPC/Collections/' took 0.01s
[2017.10.06-19.51.54:853][  0]LogFileCache: Scanning file cache for directory 'G:/Unreal Engine Projects/BallGame/Content/Collections/' took 0.01s
[2017.10.06-19.51.54:853][  0]LogCollectionManager: Rebuilt the GUID cache for 0 collections in 0.000000 seconds
[2017.10.06-19.51.54:876][  0]LogContentBrowser: Native class hierarchy populated in 0.0211 seconds. Added 2386 classes and 500 folders.
[2017.10.06-19.51.54:958][  0]LogContentBrowser: Native class hierarchy updated for 'WidgetCarousel' in 0.0012 seconds. Added 0 classes and 0 folders.
[2017.10.06-19.51.55:089][  0]LogContentBrowser: Native class hierarchy updated for 'AddContentDialog' in 0.0013 seconds. Added 0 classes and 0 folders.
[2017.10.06-19.51.55:152][  0]LogContentBrowser: Native class hierarchy updated for 'SceneOutliner' in 0.0013 seconds. Added 1 classes and 2 folders.
[2017.10.06-19.51.55:265][  0]LogSlate: Took 0.001506 seconds to synchronously load lazily loaded font '../../../Engine/Content/Slate/Fonts/Roboto-Regular.ttf' (155K)
[2017.10.06-19.51.55:269][  0]LogSlate: Took 0.001395 seconds to synchronously load lazily loaded font '../../../Engine/Content/Slate/Fonts/Roboto-Bold.ttf' (160K)
[2017.10.06-19.51.55:282][  0]LogSlate: Took 0.002103 seconds to synchronously load lazily loaded font '../../../Engine/Content/Editor/Slate/Fonts/FontAwesome.ttf' (139K)
[2017.10.06-19.51.55:491][  0]LogRenderer: Reallocating scene render targets to support 1208x600 Format 10 NumSamples 1 (Frame:1).
[2017.10.06-19.51.55:910][  0]LogContentBrowser: Native class hierarchy updated for 'HierarchicalLODOutliner' in 0.0010 seconds. Added 1 classes and 2 folders.
[2017.10.06-19.51.55:910][  0]LogLoad: (Engine Initialization) Total time: 31.50 seconds
[2017.10.06-19.51.55:910][  0]LogLoad: (Engine Initialization) Total Blueprint compile time: 0.00 seconds
[2017.10.06-19.51.55:911][  0]LogExternalProfiler: No external profilers were discovered.  External profiling features will not be available.
[2017.10.06-19.51.55:956][  0]LogContentStreaming: Texture pool size now 1000 MB
[2017.10.06-19.51.56:033][  0]LogSlate: Took 0.001503 seconds to synchronously load lazily loaded font '../../../Engine/Content/Slate/Fonts/Roboto-Light.ttf' (159K)
[2017.10.06-19.51.56:092][  2]LogAssetRegistry: Asset discovery search completed in 19.7998 seconds
[2017.10.06-19.51.56:095][  2]LogCollectionManager: Rebuilt the object cache for 0 collections in 0.000001 seconds (found 0 objects)
[2017.10.06-19.51.56:095][  2]LogCollectionManager: Fixed up redirectors for 0 collections in 0.000056 seconds (updated 0 objects)
[2017.10.06-19.52.28:227][816]LogTemp: Repeating last play command: New Editor Window (PIE)
[2017.10.06-19.52.28:277][816]LogBlueprintUserMessages: Early PlayInEditor Detection: Level '/Game/ThirdPersonBP/Maps/ThirdPersonExampleMap.ThirdPersonExampleMap:PersistentLevel' has LevelScriptBlueprint '/Game/ThirdPersonBP/Maps/ThirdPersonExampleMap.ThirdPersonExampleMap:PersistentLevel.ThirdPersonExampleMap' with GeneratedClass '/Game/ThirdPersonBP/Maps/ThirdPersonExampleMap.ThirdPersonExampleMap_C' with ClassGeneratedBy '/Game/ThirdPersonBP/Maps/ThirdPersonExampleMap.ThirdPersonExampleMap:PersistentLevel.ThirdPersonExampleMap'
[2017.10.06-19.52.28:278][816]LogPlayLevel: PlayLevel: No blueprints needed recompiling
[2017.10.06-19.52.28:287][816]PIE: New page: PIE session: ThirdPersonExampleMap (Oct 6, 2017, 11:52:28 PM)
[2017.10.06-19.52.28:287][816]LogPlayLevel: Creating play world package: /Game/ThirdPersonBP/Maps/UEDPIE_0_ThirdPersonExampleMap
[2017.10.06-19.52.28:325][816]LogPlayLevel: PIE: StaticDuplicateObject took: (0.037634s)
[2017.10.06-19.52.28:327][816]LogAIModule: Creating AISystem for world ThirdPersonExampleMap
[2017.10.06-19.52.28:327][816]LogPlayLevel: PIE: World Init took: (0.001697s)
[2017.10.06-19.52.28:328][816]LogPlayLevel: PIE: Created PIE world by copying editor world from /Game/ThirdPersonBP/Maps/ThirdPersonExampleMap.ThirdPersonExampleMap to /Game/ThirdPersonBP/Maps/UEDPIE_0_ThirdPersonExampleMap.ThirdPersonExampleMap (0.041055s)
[2017.10.06-19.52.28:369][816]LogInit: XAudio2 using 'Lautsprecher (Logitech G930 Gaming Headset)' : 6 channels at 48 kHz using 16 bits per sample (channel mask 0x3f)
[2017.10.06-19.52.28:382][816]LogInit: FAudioDevice initialized.
[2017.10.06-19.52.28:492][816]LogLoad: Game class is 'ThirdPersonGameMode_C'
[2017.10.06-19.52.28:504][816]LogWorld: Bringing World /Game/ThirdPersonBP/Maps/UEDPIE_0_ThirdPersonExampleMap.ThirdPersonExampleMap up for play (max tick rate 0) at 2017.10.06-21.52.28
[2017.10.06-19.52.28:511][816]LogWorld: Bringing up level for play took: 0.010912
[2017.10.06-19.52.28:566][816]LogContentBrowser: Native class hierarchy updated for 'MovieSceneCapture' in 0.0011 seconds. Added 11 classes and 0 folders.
[2017.10.06-19.52.28:576][816]PIE: Play in editor start time for /Game/ThirdPersonBP/Maps/UEDPIE_0_ThirdPersonExampleMap -0.27
[2017.10.06-19.52.28:578][816]LogBlueprintUserMessages: Late PlayInEditor Detection: Level '/Game/ThirdPersonBP/Maps/ThirdPersonExampleMap.ThirdPersonExampleMap:PersistentLevel' has LevelScriptBlueprint '/Game/ThirdPersonBP/Maps/ThirdPersonExampleMap.ThirdPersonExampleMap:PersistentLevel.ThirdPersonExampleMap' with GeneratedClass '/Game/ThirdPersonBP/Maps/ThirdPersonExampleMap.ThirdPersonExampleMap_C' with ClassGeneratedBy '/Game/ThirdPersonBP/Maps/ThirdPersonExampleMap.ThirdPersonExampleMap:PersistentLevel.ThirdPersonExampleMap'
[2017.10.06-19.52.28:619][816]LogRenderer: Reallocating scene render targets to support 1292x756 Format 10 NumSamples 1 (Frame:1).
[2017.10.06-19.52.38:658][882]LogScriptCore: Warning: Script Msg: Attempted to access index 0 from array 'CallFunc_GetOverlappingActors_OverlappingActors' of length 0 in '/Game/ThirdPersonBP/Blueprints/ThirdPersonCharacter.ThirdPersonCharacter_C:ExecuteUbergraph_ThirdPersonCharacter'!
[2017.10.06-19.53.15:868][761]LogScriptCore: Warning: Script Msg: Attempted to access index 0 from array 'CallFunc_GetOverlappingActors_OverlappingActors' of length 0 in '/Game/ThirdPersonBP/Blueprints/ThirdPersonCharacter.ThirdPersonCharacter_C:ExecuteUbergraph_ThirdPersonCharacter'!
[2017.10.06-19.53.29:809][185]LogBlueprintUserMessages: Early EndPlayMap Detection: Level '/Game/ThirdPersonBP/Maps/ThirdPersonExampleMap.ThirdPersonExampleMap:PersistentLevel' has LevelScriptBlueprint '/Game/ThirdPersonBP/Maps/ThirdPersonExampleMap.ThirdPersonExampleMap:PersistentLevel.ThirdPersonExampleMap' with GeneratedClass '/Game/ThirdPersonBP/Maps/ThirdPersonExampleMap.ThirdPersonExampleMap_C' with ClassGeneratedBy '/Game/ThirdPersonBP/Maps/ThirdPersonExampleMap.ThirdPersonExampleMap:PersistentLevel.ThirdPersonExampleMap'
[2017.10.06-19.53.29:873][185]LogBlueprintUserMessages: Late EndPlayMap Detection: Level '/Game/ThirdPersonBP/Maps/ThirdPersonExampleMap.ThirdPersonExampleMap:PersistentLevel' has LevelScriptBlueprint '/Game/ThirdPersonBP/Maps/ThirdPersonExampleMap.ThirdPersonExampleMap:PersistentLevel.ThirdPersonExampleMap' with GeneratedClass '/Game/ThirdPersonBP/Maps/ThirdPersonExampleMap.ThirdPersonExampleMap_C' with ClassGeneratedBy '/Game/ThirdPersonBP/Maps/ThirdPersonExampleMap.ThirdPersonExampleMap:PersistentLevel.ThirdPersonExampleMap'
[2017.10.06-19.53.32:420][454]LogWindowsTextInputMethodSystem: Display: IME system now deactivated.
[2017.10.06-19.53.32:634][455]Cmd: QUIT_EDITOR
[2017.10.06-19.53.33:379][455]LogExit: Preparing to exit.
[2017.10.06-19.53.33:977][455]LogDirectoryWatcher: A directory notification for 'G:/Unreal Engine Projects/BallGame/Content/' was aborted.
[2017.10.06-19.53.34:017][455]LogExit: Editor shut down
[2017.10.06-19.53.34:028][455]LogExit: Transaction tracking system shut down
[2017.10.06-19.53.34:239][455]LogDirectoryWatcher: A directory notification for '../../../Engine/Content/' was aborted.
[2017.10.06-19.53.34:240][455]LogDirectoryWatcher: A directory notification for '../../../../../Unreal Engine Projects/BallGame/Content/' was aborted.
[2017.10.06-19.53.34:240][455]LogDirectoryWatcher: A directory notification for '../../../Engine/Plugins/2D/Paper2D/Content/' was aborted.
[2017.10.06-19.53.34:240][455]LogDirectoryWatcher: A directory notification for '../../../Engine/Plugins/Runtime/Oculus/OculusVR/Content/' was aborted.
[2017.10.06-19.53.34:240][455]LogDirectoryWatcher: A directory notification for '../../../Engine/Plugins/Runtime/Steam/SteamVR/Content/' was aborted.
[2017.10.06-19.53.34:379][455]LogExit: Object subsystem successfully closed.
[2017.10.06-19.53.34:408][455]LogD3D11RHI: Shutdown
[2017.10.06-19.53.34:409][455]LogD3D11RHI: CleanupD3DDevice
[2017.10.06-19.53.34:556][455]LogD3D11RHI: ~FD3D11DynamicRHI
[2017.10.06-19.53.34:592][455]LogModuleManager: Shutting down and abandoning module MovieSceneCapture (532)
[2017.10.06-19.53.34:593][455]LogModuleManager: Shutting down and abandoning module HierarchicalLODOutliner (530)
[2017.10.06-19.53.34:593][455]LogModuleManager: Shutting down and abandoning module SceneOutliner (528)
[2017.10.06-19.53.34:593][455]LogModuleManager: Shutting down and abandoning module AddContentDialog (526)
[2017.10.06-19.53.34:593][455]LogDirectoryWatcher: A directory notification for 'G:/Unreal Engine/UE_4.17/FeaturePacks/' was aborted.
[2017.10.06-19.53.34:597][455]LogModuleManager: Shutting down and abandoning module WidgetCarousel (525)
[2017.10.06-19.53.34:597][455]LogModuleManager: Shutting down and abandoning module EditorWidgets (522)
[2017.10.06-19.53.34:597][455]LogModuleManager: Shutting down and abandoning module CollectionManager (520)
[2017.10.06-19.53.34:597][455]LogDirectoryWatcher: A directory notification for 'G:/Unreal Engine Projects/BallGame/Content/Collections/' was aborted.
[2017.10.06-19.53.34:597][455]LogDirectoryWatcher: A directory notification for 'G:/Unreal Engine Projects/BallGame/Content/Developers/TimPC/Collections/' was aborted.
[2017.10.06-19.53.34:597][455]LogDirectoryWatcher: A directory notification for 'G:/Unreal Engine Projects/BallGame/Saved/Collections/' was aborted.
[2017.10.06-19.53.34:597][455]LogModuleManager: Shutting down and abandoning module StatsViewer (518)
[2017.10.06-19.53.34:598][455]LogModuleManager: Shutting down and abandoning module FoliageEdit (516)
[2017.10.06-19.53.34:598][455]LogModuleManager: Shutting down and abandoning module LandscapeEditor (514)
[2017.10.06-19.53.34:599][455]LogModuleManager: Shutting down and abandoning module MeshPaintMode (512)
[2017.10.06-19.53.34:599][455]LogModuleManager: Shutting down and abandoning module SceneDepthPickerMode (510)
[2017.10.06-19.53.34:599][455]LogModuleManager: Shutting down and abandoning module ActorPickerMode (508)
[2017.10.06-19.53.34:599][455]LogModuleManager: Shutting down and abandoning module GeometryMode (506)
[2017.10.06-19.53.34:599][455]LogModuleManager: Shutting down and abandoning module TextureAlignMode (504)
[2017.10.06-19.53.34:599][455]LogModuleManager: Shutting down and abandoning module BspMode (502)
[2017.10.06-19.53.34:599][455]LogModuleManager: Shutting down and abandoning module PIEPreviewDeviceProfileSelector (500)
[2017.10.06-19.53.34:600][455]LogModuleManager: Shutting down and abandoning module HardwareSurvey (498)
[2017.10.06-19.53.34:600][455]LogModuleManager: Shutting down and abandoning module SequenceRecorderSections (496)
[2017.10.06-19.53.34:600][455]LogModuleManager: Shutting down and abandoning module AutomationWorker (494)
[2017.10.06-19.53.34:600][455]LogModuleManager: Shutting down and abandoning module MatineeToLevelSequence (492)
[2017.10.06-19.53.34:601][455]LogModuleManager: Shutting down and abandoning module LevelSequenceEditor (490)
[2017.10.06-19.53.34:603][455]LogModuleManager: Shutting down and abandoning module PlacementMode (489)
[2017.10.06-19.53.34:603][455]LogModuleManager: Shutting down and abandoning module WmfMediaFactory (486)
[2017.10.06-19.53.34:603][455]LogModuleManager: Shutting down and abandoning module WmfMediaEditor (484)
[2017.10.06-19.53.34:603][455]LogModuleManager: Shutting down and abandoning module AvfMediaFactory (482)
[2017.10.06-19.53.34:603][455]LogModuleManager: Shutting down and abandoning module AvfMediaEditor (480)
[2017.10.06-19.53.34:603][455]LogModuleManager: Shutting down and abandoning module AndroidMediaFactory (478)
[2017.10.06-19.53.34:603][455]LogModuleManager: Shutting down and abandoning module Media (477)
[2017.10.06-19.53.34:603][455]LogModuleManager: Shutting down and abandoning module AndroidMediaEditor (474)
[2017.10.06-19.53.34:603][455]LogModuleManager: Shutting down and abandoning module CharacterAI (472)
[2017.10.06-19.53.34:603][455]LogModuleManager: Shutting down and abandoning module AudioCapture (470)
[2017.10.06-19.53.34:603][455]LogModuleManager: Shutting down and abandoning module SequenceRecorder (469)
[2017.10.06-19.53.34:604][455]LogModuleManager: Shutting down and abandoning module SmartSnapping (466)
[2017.10.06-19.53.34:604][455]LogModuleManager: Shutting down and abandoning module SessionServices (464)
[2017.10.06-19.53.34:604][455]LogModuleManager: Shutting down and abandoning module ViewportSnapping (462)
[2017.10.06-19.53.34:604][455]LogModuleManager: Shutting down and abandoning module ViewportInteraction (460)
[2017.10.06-19.53.34:604][455]LogModuleManager: Shutting down and abandoning module ClothPainter (458)
[2017.10.06-19.53.34:607][455]LogModuleManager: Shutting down and abandoning module LogVisualizer (456)
[2017.10.06-19.53.34:608][455]LogModuleManager: Shutting down and abandoning module IntroTutorials (454)
[2017.10.06-19.53.34:609][455]LogModuleManager: Shutting down and abandoning module GameProjectGeneration (453)
[2017.10.06-19.53.34:610][455]LogModuleManager: Shutting down and abandoning module IOSPlatformEditor (450)
[2017.10.06-19.53.34:610][455]LogModuleManager: Shutting down and abandoning module HTML5PlatformEditor (448)
[2017.10.06-19.53.34:610][455]LogModuleManager: Shutting down and abandoning module AndroidPlatformEditor (446)
[2017.10.06-19.53.34:610][455]LogModuleManager: Shutting down and abandoning module AndroidDeviceDetection (445)
[2017.10.06-19.53.35:360][455]LogModuleManager: Shutting down and abandoning module WindowsPlatformEditor (442)
[2017.10.06-19.53.35:360][455]LogModuleManager: Shutting down and abandoning module IOSRuntimeSettings (440)
[2017.10.06-19.53.35:360][455]LogModuleManager: Shutting down and abandoning module AndroidRuntimeSettings (438)
[2017.10.06-19.53.35:360][455]LogModuleManager: Shutting down and abandoning module InputBindingEditor (436)
[2017.10.06-19.53.35:360][455]LogModuleManager: Shutting down and abandoning module MergeActors (434)
[2017.10.06-19.53.35:361][455]LogModuleManager: Shutting down and abandoning module SizeMap (432)
[2017.10.06-19.53.35:361][455]LogModuleManager: Shutting down and abandoning module TreeMap (430)
[2017.10.06-19.53.35:362][455]LogModuleManager: Shutting down and abandoning module ReferenceViewer (428)
[2017.10.06-19.53.35:362][455]LogModuleManager: Shutting down and abandoning module LocalizationDashboard (426)
[2017.10.06-19.53.35:362][455]LogModuleManager: Shutting down and abandoning module LocalizationService (425)
[2017.10.06-19.53.35:363][455]LogModuleManager: Shutting down and abandoning module HardwareTargeting (422)
[2017.10.06-19.53.35:363][455]LogModuleManager: Shutting down and abandoning module DeviceProfileEditor (420)
[2017.10.06-19.53.35:363][455]LogModuleManager: Shutting down and abandoning module UndoHistory (418)
[2017.10.06-19.53.35:363][455]LogModuleManager: Shutting down and abandoning module XmlParser (416)
[2017.10.06-19.53.35:363][455]LogModuleManager: Shutting down and abandoning module Blutility (414)
[2017.10.06-19.53.35:364][455]LogModuleManager: Shutting down and abandoning module ProjectSettingsViewer (412)
[2017.10.06-19.53.35:364][455]LogModuleManager: Shutting down and abandoning module ProjectTargetPlatformEditor (411)
[2017.10.06-19.53.35:364][455]LogModuleManager: Shutting down and abandoning module EditorSettingsViewer (408)
[2017.10.06-19.53.35:364][455]LogModuleManager: Shutting down and abandoning module SettingsEditor (406)
[2017.10.06-19.53.35:365][455]LogModuleManager: Shutting down and abandoning module ProjectLauncher (404)
[2017.10.06-19.53.35:365][455]LogModuleManager: Shutting down and abandoning module SessionFrontend (402)
[2017.10.06-19.53.35:366][455]LogModuleManager: Shutting down and abandoning module ProfilerClient (400)
[2017.10.06-19.53.35:366][455]LogModuleManager: Shutting down and abandoning module DeviceManager (398)
[2017.10.06-19.53.35:367][455]LogModuleManager: Shutting down and abandoning module TargetDeviceServices (397)
[2017.10.06-19.53.35:411][455]LogModuleManager: Shutting down and abandoning module AutomationController (394)
[2017.10.06-19.53.35:412][455]LogModuleManager: Shutting down and abandoning module AutomationWindow (392)
[2017.10.06-19.53.35:413][455]LogModuleManager: Shutting down and abandoning module Layers (390)
[2017.10.06-19.53.35:415][455]LogModuleManager: Shutting down and abandoning module ComponentVisualizers (388)
[2017.10.06-19.53.35:415][455]LogModuleManager: Shutting down and abandoning module DetailCustomizations (386)
[2017.10.06-19.53.35:418][455]LogModuleManager: Shutting down and abandoning module PackagesDialog (384)
[2017.10.06-19.53.35:419][455]LogModuleManager: Shutting down and abandoning module Persona (382)
[2017.10.06-19.53.35:420][455]LogModuleManager: Shutting down and abandoning module AdvancedPreviewScene (381)
[2017.10.06-19.53.35:420][455]LogModuleManager: Shutting down and abandoning module AnimGraph (379)
[2017.10.06-19.53.35:420][455]LogModuleManager: Shutting down and abandoning module Kismet (376)
[2017.10.06-19.53.35:421][455]LogModuleManager: Shutting down and abandoning module ClassViewer (374)
[2017.10.06-19.53.35:421][455]LogModuleManager: Shutting down and abandoning module Toolbox (372)
[2017.10.06-19.53.35:421][455]LogModuleManager: Shutting down and abandoning module ModuleUI (370)
[2017.10.06-19.53.35:422][455]LogModuleManager: Shutting down and abandoning module MovieSceneTools (368)
[2017.10.06-19.53.35:423][455]LogModuleManager: Shutting down and abandoning module OutputLog (366)
[2017.10.06-19.53.35:423][455]LogModuleManager: Shutting down and abandoning module GammaUI (364)
[2017.10.06-19.53.35:423][455]LogModuleManager: Shutting down and abandoning module Documentation (362)
[2017.10.06-19.53.35:424][455]LogModuleManager: Shutting down and abandoning module MovieSceneTracks (360)
[2017.10.06-19.53.35:424][455]LogModuleManager: Shutting down and abandoning module MovieScene (358)
[2017.10.06-19.53.35:424][455]LogModuleManager: Shutting down and abandoning module Niagara (356)
[2017.10.06-19.53.35:424][455]LogModuleManager: Shutting down and abandoning module NiagaraEditor (355)
[2017.10.06-19.53.35:426][455]LogModuleManager: Shutting down and abandoning module StreamingPauseRendering (352)
[2017.10.06-19.53.35:426][455]LogModuleManager: Shutting down and abandoning module LauncherPlatform (350)
[2017.10.06-19.53.35:426][455]LogModuleManager: Shutting down and abandoning module AnalyticsET (348)
[2017.10.06-19.53.35:426][455]LogModuleManager: Shutting down and abandoning module PortalServices (346)
[2017.10.06-19.53.35:426][455]LogModuleManager: Shutting down and abandoning module PortalRpc (344)
[2017.10.06-19.53.35:426][455]LogModuleManager: Shutting down and abandoning module MessagingRpc (342)
[2017.10.06-19.53.35:426][455]LogModuleManager: Shutting down and abandoning module AIModule (340)
[2017.10.06-19.53.35:426][455]LogModuleManager: Shutting down and abandoning module GameplayDebugger (339)
[2017.10.06-19.53.35:426][455]LogModuleManager: Shutting down and abandoning module AITestSuite (337)
[2017.10.06-19.53.35:427][455]LogModuleManager: Shutting down and abandoning module ProfilerService (334)
[2017.10.06-19.53.35:472][455]LogModuleManager: Shutting down and abandoning module TaskGraph (332)
[2017.10.06-19.53.35:474][455]LogModuleManager: Shutting down and abandoning module SteamVRController (330)
[2017.10.06-19.53.35:474][455]LogModuleManager: Shutting down and abandoning module ProceduralMeshComponentEditor (328)
[2017.10.06-19.53.35:474][455]LogModuleManager: Shutting down and abandoning module ProceduralMeshComponent (326)
[2017.10.06-19.53.35:474][455]LogModuleManager: Shutting down and abandoning module OculusInput (324)
[2017.10.06-19.53.35:474][455]LogModuleManager: Shutting down and abandoning module MobilePatchingUtils (322)
[2017.10.06-19.53.35:474][455]LogModuleManager: Shutting down and abandoning module CustomMeshComponent (320)
[2017.10.06-19.53.35:474][455]LogModuleManager: Shutting down and abandoning module CableComponent (318)
[2017.10.06-19.53.35:474][455]LogModuleManager: Shutting down and abandoning module ArchVisCharacter (316)
[2017.10.06-19.53.35:474][455]LogModuleManager: Shutting down and abandoning module AndroidPermission (314)
[2017.10.06-19.53.35:474][455]LogModuleManager: Shutting down and abandoning module MediaPlayerEditor (310)
[2017.10.06-19.53.35:477][455]LogModuleManager: Shutting down and abandoning module HTML5Networking (308)
[2017.10.06-19.53.35:477][455]LogModuleManager: Shutting down and abandoning module AlembicImporter (306)
[2017.10.06-19.53.35:478][455]LogModuleManager: Shutting down and abandoning module AlembicLibrary (305)
[2017.10.06-19.53.35:478][455]LogModuleManager: Shutting down and abandoning module GeometryCache (304)
[2017.10.06-19.53.35:478][455]LogModuleManager: Shutting down and abandoning module GeometryCacheEd (303)
[2017.10.06-19.53.35:478][455]LogModuleManager: Shutting down and abandoning module SpeedTreeImporter (298)
[2017.10.06-19.53.35:478][455]LogModuleManager: Shutting down and abandoning module PluginBrowser (296)
[2017.10.06-19.53.35:480][455]LogModuleManager: Shutting down and abandoning module MobileLauncherProfileWizard (294)
[2017.10.06-19.53.35:481][455]LogModuleManager: Shutting down and abandoning module VisualStudioSourceCodeAccess (292)
[2017.10.06-19.53.35:481][455]LogModuleManager: Shutting down and abandoning module DesktopPlatform (291)
[2017.10.06-19.53.35:481][455]LogModuleManager: Shutting down and abandoning module UObjectPlugin (288)
[2017.10.06-19.53.35:481][455]LogModuleManager: Shutting down and abandoning module SubversionSourceControl (286)
[2017.10.06-19.53.35:482][455]LogModuleManager: Shutting down and abandoning module PerforceSourceControl (284)
[2017.10.06-19.53.35:483][455]LogModuleManager: Shutting down and abandoning module GitSourceControl (282)
[2017.10.06-19.53.35:484][455]LogModuleManager: Shutting down and abandoning module SourceControl (281)
[2017.10.06-19.53.35:485][455]LogModuleManager: Shutting down and abandoning module LightPropagationVolumeEditor (278)
[2017.10.06-19.53.35:485][455]LogModuleManager: Shutting down and abandoning module PaperTiledImporter (276)
[2017.10.06-19.53.35:485][455]LogModuleManager: Shutting down and abandoning module PaperSpriteSheetImporter (274)
[2017.10.06-19.53.35:485][455]LogModuleManager: Shutting down and abandoning module Paper2DEditor (272)
[2017.10.06-19.53.35:486][455]LogModuleManager: Shutting down and abandoning module MeshPaint (271)
[2017.10.06-19.53.35:486][455]LogModuleManager: Shutting down and abandoning module LevelEditor (269)
[2017.10.06-19.53.35:488][455]LogModuleManager: Shutting down and abandoning module PixelInspectorModule (268)
[2017.10.06-19.53.35:489][455]LogModuleManager: Shutting down and abandoning module MainFrame (266)
[2017.10.06-19.53.35:489][455]LogModuleManager: Shutting down and abandoning module HotReload (265)
[2017.10.06-19.53.35:490][455]LogModuleManager: Shutting down and abandoning module RuntimePhysXCooking (260)
[2017.10.06-19.53.35:490][455]LogModuleManager: Shutting down and abandoning module PhysXVehiclesEditor (258)
[2017.10.06-19.53.35:490][455]LogModuleManager: Shutting down and abandoning module PhysXVehicles (256)
[2017.10.06-19.53.35:490][455]LogModuleManager: Shutting down and abandoning module OculusEditor (254)
[2017.10.06-19.53.35:490][455]LogModuleManager: Shutting down and abandoning module LocationServicesBPLibrary (252)
[2017.10.06-19.53.35:490][455]LogModuleManager: Shutting down and abandoning module ImmediatePhysicsEditor (250)
[2017.10.06-19.53.35:491][455]LogModuleManager: Shutting down and abandoning module ImmediatePhysics (248)
[2017.10.06-19.53.35:491][455]LogModuleManager: Shutting down and abandoning module UdpMessaging (246)
[2017.10.06-19.53.35:592][455]LogModuleManager: Shutting down and abandoning module TcpMessaging (244)
[2017.10.06-19.53.35:693][455]LogModuleManager: Shutting down and abandoning module GameplayTagsEditor (242)
[2017.10.06-19.53.35:693][455]LogModuleManager: Shutting down and abandoning module FacialAnimationEditor (240)
[2017.10.06-19.53.35:693][455]LogModuleManager: Shutting down and abandoning module FacialAnimation (238)
[2017.10.06-19.53.35:693][455]LogModuleManager: Shutting down and abandoning module AssetManagerEditor (236)
[2017.10.06-19.53.35:695][455]LogModuleManager: Shutting down and abandoning module GraphEditor (235)
[2017.10.06-19.53.35:697][455]LogModuleManager: Shutting down and abandoning module ContentBrowser (233)
[2017.10.06-19.53.35:699][455]LogModuleManager: Shutting down and abandoning module LightPropagationVolumeRuntime (230)
[2017.10.06-19.53.35:699][455]LogModuleManager: Shutting down and abandoning module Paper2D (228)
[2017.10.06-19.53.35:699][455]LogModuleManager: Shutting down and abandoning module WindowsMoviePlayer (226)
[2017.10.06-19.53.35:699][455]LogModuleManager: Shutting down and abandoning module WmfMedia (224)
[2017.10.06-19.53.35:701][455]LogModuleManager: Shutting down and abandoning module PacketHandler (222)
[2017.10.06-19.53.35:701][455]LogModuleManager: Shutting down and abandoning module ClothingSystemEditor (220)
[2017.10.06-19.53.35:701][455]LogModuleManager: Shutting down and abandoning module ClothingSystemRuntime (218)
[2017.10.06-19.53.35:702][455]LogModuleManager: Shutting down and abandoning module Overlay (216)
[2017.10.06-19.53.35:702][455]LogModuleManager: Shutting down and abandoning module OverlayEditor (215)
[2017.10.06-19.53.35:702][455]LogModuleManager: Shutting down and abandoning module MediaAssets (212)
[2017.10.06-19.53.35:702][455]LogModuleManager: Shutting down and abandoning module VREditor (210)
[2017.10.06-19.53.35:703][455]LogModuleManager: Shutting down and abandoning module StringTableEditor (208)
[2017.10.06-19.53.35:703][455]LogModuleManager: Shutting down and abandoning module GameplayTasksEditor (206)
[2017.10.06-19.53.35:703][455]LogModuleManager: Shutting down and abandoning module BehaviorTreeEditor (204)
[2017.10.06-19.53.35:705][455]LogModuleManager: Shutting down and abandoning module FunctionalTesting (202)
[2017.10.06-19.53.35:705][455]LogModuleManager: Shutting down and abandoning module CollisionAnalyzer (200)
[2017.10.06-19.53.35:705][455]LogModuleManager: Shutting down and abandoning module WorkspaceMenuStructure (199)
[2017.10.06-19.53.35:705][455]LogModuleManager: Shutting down and abandoning module UMG (196)
[2017.10.06-19.53.35:706][455]LogModuleManager: Shutting down and abandoning module UMGEditor (195)
[2017.10.06-19.53.35:709][455]LogModuleManager: Shutting down and abandoning module Sequencer (194)
[2017.10.06-19.53.35:710][455]LogModuleManager: Shutting down and abandoning module MessageLog (191)
[2017.10.06-19.53.35:710][455]LogModuleManager: Shutting down and abandoning module SlateReflector (186)
[2017.10.06-19.53.35:713][455]LogModuleManager: Shutting down and abandoning module Slate (184)
[2017.10.06-19.53.35:713][455]LogModuleManager: Shutting down and abandoning module EditorStyle (182)
[2017.10.06-19.53.35:716][455]LogModuleManager: Shutting down and abandoning module MRMesh (180)
[2017.10.06-19.53.35:716][455]LogModuleManager: Shutting down and abandoning module SourceCodeAccess (178)
[2017.10.06-19.53.35:716][455]LogModuleManager: Shutting down and abandoning module HeadMountedDisplay (176)
[2017.10.06-19.53.35:716][455]LogModuleManager: Shutting down and abandoning module XAudio2 (174)
[2017.10.06-19.53.35:716][455]LogModuleManager: Shutting down and abandoning module Networking (172)
[2017.10.06-19.53.35:716][455]LogModuleManager: Shutting down and abandoning module Core (168)
[2017.10.06-19.53.35:716][455]LogModuleManager: Shutting down and abandoning module KismetCompiler (164)
[2017.10.06-19.53.35:716][455]LogModuleManager: Shutting down and abandoning module LevelSequence (162)
[2017.10.06-19.53.35:716][455]LogModuleManager: Shutting down and abandoning module MeshUtilities (160)
[2017.10.06-19.53.35:718][455]LogModuleManager: Shutting down and abandoning module MeshMergeUtilities (159)
[2017.10.06-19.53.35:719][455]LogModuleManager: Shutting down and abandoning module MeshReductionInterface (158)
[2017.10.06-19.53.35:719][455]LogModuleManager: Shutting down and abandoning module SimplygonSwarm (157)
[2017.10.06-19.53.35:719][455]LogModuleManager: Shutting down and abandoning module SimplygonMeshReduction (155)
[2017.10.06-19.53.35:719][455]LogModuleManager: Shutting down and abandoning module QuadricMeshReduction (153)
[2017.10.06-19.53.35:719][455]LogModuleManager: Shutting down and abandoning module MaterialBaking (149)
[2017.10.06-19.53.35:719][455]LogModuleManager: Shutting down and abandoning module DirectoryWatcher (146)
[2017.10.06-19.53.35:720][455]LogModuleManager: Shutting down and abandoning module DerivedDataCache (144)
[2017.10.06-19.53.35:735][455]LogDerivedDataCache: Shutdown
[2017.10.06-19.53.35:736][455]LogModuleManager: Shutting down and abandoning module TargetPlatform (142)
[2017.10.06-19.53.35:736][455]LogModuleManager: Shutting down and abandoning module VulkanShaderFormat (141)
[2017.10.06-19.53.35:736][455]LogModuleManager: Shutting down and abandoning module ShaderFormatVectorVM (139)
[2017.10.06-19.53.35:737][455]LogModuleManager: Shutting down and abandoning module ShaderFormatOpenGL (137)
[2017.10.06-19.53.35:737][455]LogModuleManager: Shutting down and abandoning module ShaderFormatD3D (135)
[2017.10.06-19.53.35:737][455]LogModuleManager: Shutting down and abandoning module MetalShaderFormat (133)
[2017.10.06-19.53.35:738][455]LogModuleManager: Shutting down and abandoning module TextureFormatUncompressed (131)
[2017.10.06-19.53.35:738][455]LogModuleManager: Shutting down and abandoning module TextureFormatPVR (129)
[2017.10.06-19.53.35:738][455]LogModuleManager: Shutting down and abandoning module TextureFormatDXT (127)
[2017.10.06-19.53.35:738][455]LogModuleManager: Shutting down and abandoning module TextureFormatIntelISPCTexComp (125)
[2017.10.06-19.53.35:739][455]LogModuleManager: Shutting down and abandoning module TextureFormatASTC (123)
[2017.10.06-19.53.35:739][455]LogModuleManager: Shutting down and abandoning module ImageWrapper (122)
[2017.10.06-19.53.35:739][455]LogModuleManager: Shutting down and abandoning module TextureFormatAndroid (119)
[2017.10.06-19.53.35:739][455]LogModuleManager: Shutting down and abandoning module AudioFormatOpus (117)
[2017.10.06-19.53.35:739][455]LogModuleManager: Shutting down and abandoning module AudioFormatOgg (115)
[2017.10.06-19.53.35:739][455]LogModuleManager: Shutting down and abandoning module AudioFormatADPCM (113)
[2017.10.06-19.53.35:739][455]LogModuleManager: Shutting down and abandoning module LinuxTargetPlatform (111)
[2017.10.06-19.53.35:739][455]LogModuleManager: Shutting down and abandoning module LinuxServerTargetPlatform (109)
[2017.10.06-19.53.35:739][455]LogModuleManager: Shutting down and abandoning module LinuxNoEditorTargetPlatform (107)
[2017.10.06-19.53.35:739][455]LogModuleManager: Shutting down and abandoning module LinuxClientTargetPlatform (105)
[2017.10.06-19.53.35:739][455]LogModuleManager: Shutting down and abandoning module TVOSTargetPlatform (103)
[2017.10.06-19.53.35:739][455]LogModuleManager: Shutting down and abandoning module Messaging (101)
[2017.10.06-19.53.35:739][455]LogModuleManager: Shutting down and abandoning module IOSTargetPlatform (99)
[2017.10.06-19.53.35:739][455]LogModuleManager: Shutting down and abandoning module HTML5TargetPlatform (97)
[2017.10.06-19.53.35:739][455]LogModuleManager: Shutting down and abandoning module Android_PVRTCTargetPlatform (95)
[2017.10.06-19.53.35:739][455]LogModuleManager: Shutting down and abandoning module Android_MultiTargetPlatform (93)
[2017.10.06-19.53.35:739][455]LogModuleManager: Shutting down and abandoning module Android_ETC2TargetPlatform (91)
[2017.10.06-19.53.35:739][455]LogModuleManager: Shutting down and abandoning module Android_ETC1TargetPlatform (89)
[2017.10.06-19.53.35:739][455]LogModuleManager: Shutting down and abandoning module Android_DXTTargetPlatform (87)
[2017.10.06-19.53.35:739][455]LogModuleManager: Shutting down and abandoning module Android_ATCTargetPlatform (85)
[2017.10.06-19.53.35:739][455]LogModuleManager: Shutting down and abandoning module Android_ASTCTargetPlatform (83)
[2017.10.06-19.53.35:739][455]LogModuleManager: Shutting down and abandoning module AndroidTargetPlatform (81)
[2017.10.06-19.53.35:739][455]LogModuleManager: Shutting down and abandoning module WindowsTargetPlatform (79)
[2017.10.06-19.53.35:740][455]LogModuleManager: Shutting down and abandoning module WindowsServerTargetPlatform (77)
[2017.10.06-19.53.35:740][455]LogModuleManager: Shutting down and abandoning module WindowsNoEditorTargetPlatform (75)
[2017.10.06-19.53.35:740][455]LogModuleManager: Shutting down and abandoning module WindowsClientTargetPlatform (73)
[2017.10.06-19.53.35:740][455]LogModuleManager: Shutting down and abandoning module MacTargetPlatform (71)
[2017.10.06-19.53.35:740][455]LogModuleManager: Shutting down and abandoning module MacServerTargetPlatform (69)
[2017.10.06-19.53.35:740][455]LogModuleManager: Shutting down and abandoning module MacNoEditorTargetPlatform (67)
[2017.10.06-19.53.35:740][455]LogModuleManager: Shutting down and abandoning module MacClientTargetPlatform (65)
[2017.10.06-19.53.35:740][455]LogModuleManager: Shutting down and abandoning module AllDesktopTargetPlatform (63)
[2017.10.06-19.53.35:740][455]LogModuleManager: Shutting down and abandoning module InputCore (60)
[2017.10.06-19.53.35:740][455]LogModuleManager: Shutting down and abandoning module Settings (58)
[2017.10.06-19.53.35:740][455]LogModuleManager: Shutting down and abandoning module PhysXCooking (56)
[2017.10.06-19.53.35:740][455]LogModuleManager: Shutting down and abandoning module SteamVR (54)
[2017.10.06-19.53.35:740][455]LogModuleManager: Shutting down and abandoning module OculusHMD (52)
[2017.10.06-19.53.35:740][455]LogModuleManager: Shutting down and abandoning module ExampleDeviceProfileSelector (50)
[2017.10.06-19.53.35:741][455]LogModuleManager: Shutting down and abandoning module OnlineBlueprintSupport (48)
[2017.10.06-19.53.35:741][455]LogModuleManager: Shutting down and abandoning module OnlineSubsystem (44)
[2017.10.06-19.53.35:741][455]LogOnline: Display: Unloading online subsystem: NULL
[2017.10.06-19.53.35:741][455]LogModuleManager: Shutting down and abandoning module XMPP (43)
[2017.10.06-19.53.35:743][455]LogModuleManager: Shutting down and abandoning module HTTP (41)
[2017.10.06-19.53.35:743][455]LogHttp: Display: Http module shutting down, but needs to wait on 1 outstanding Http requests:
[2017.10.06-19.53.35:743][455]LogHttp: Display: 	verb=[POST] url=[https://datarouter.ol.epicgames.com/datarouter/api/v1/public/data?SessionID=%7BA9B2AC30-4D03-5F2D-59B1-EE92F7AC0376%7D&AppID=UEEditor.Rocket.Release&AppVersion=4.17.2-3658906%2B%2B%2BUE4%2BRelease-4.17&UserID=03273c0f44ffc416104f4182a7ee3b9a%7Ce94d3a14146b4c37b900ee330d3547a2%7C8ea02af6-757f-4d7a-891e-6d992f204c0d&AppEnvironment=datacollector-binary&UploadType=eteventstream] status=Processing
[2017.10.06-19.53.35:746][455]LogModuleManager: Shutting down and abandoning module SSL (40)
[2017.10.06-19.53.35:748][455]LogModuleManager: Shutting down and abandoning module AnimationModifiers (36)
[2017.10.06-19.53.35:749][455]LogModuleManager: Shutting down and abandoning module PropertyEditor (35)
[2017.10.06-19.53.35:749][455]LogModuleManager: Shutting down and abandoning module AudioEditor (32)
[2017.10.06-19.53.35:751][455]LogModuleManager: Shutting down and abandoning module TextureCompressor (30)
[2017.10.06-19.53.35:751][455]LogModuleManager: Shutting down and abandoning module ShaderCore (28)
[2017.10.06-19.53.35:751][455]LogModuleManager: Shutting down and abandoning module Landscape (26)
[2017.10.06-19.53.35:751][455]LogModuleManager: Shutting down and abandoning module SlateRHIRenderer (24)
[2017.10.06-19.53.35:753][455]LogModuleManager: Shutting down and abandoning module OpenGLDrv (22)
[2017.10.06-19.53.35:753][455]LogModuleManager: Shutting down and abandoning module D3D11RHI (20)
[2017.10.06-19.53.35:753][455]LogModuleManager: Shutting down and abandoning module AnimGraphRuntime (18)
[2017.10.06-19.53.35:753][455]LogModuleManager: Shutting down and abandoning module Renderer (16)
[2017.10.06-19.53.35:753][455]LogModuleManager: Shutting down and abandoning module Engine (14)
[2017.10.06-19.53.35:753][455]LogModuleManager: Shutting down and abandoning module CoreUObject (12)
[2017.10.06-19.53.35:753][455]LogModuleManager: Shutting down and abandoning module NetworkFile (10)
[2017.10.06-19.53.35:753][455]LogModuleManager: Shutting down and abandoning module CookedIterativeFile (8)
[2017.10.06-19.53.35:753][455]LogModuleManager: Shutting down and abandoning module StreamingFile (6)
[2017.10.06-19.53.35:753][455]LogModuleManager: Shutting down and abandoning module SandboxFile (4)
[2017.10.06-19.53.35:753][455]LogModuleManager: Shutting down and abandoning module PakFile (2)
[2017.10.06-19.53.35:759][455]LogExit: Exiting.
[2017.10.06-19.53.35:786][455]Log file closed, 10/06/17 21:53:35
